*     00:43:06.734 [main](       1 msec from start) [ERROR] common_com.advantage.common.security.TokenJWT.parseToken:84
The token signed by HS512 algorithm, but must be signed with HS256 (HmacSHA256)
com.advantage.common.exceptions.token.SignatureAlgorithmException: The token signed by HS512 algorithm, but must be signed with HS256 (HmacSHA256)
	at com.advantage.common.security.TokenJWT.parseToken(TokenJWT.java:83)
	at com.advantage.common_test.online.store.util.TokenTests.testNegative256ParserToken(TokenTests.java:48)
	at sun.reflect.NativeMethodAccessorImpl.invoke0(Native Method)
	at sun.reflect.NativeMethodAccessorImpl.invoke(NativeMethodAccessorImpl.java:62)
	at sun.reflect.DelegatingMethodAccessorImpl.invoke(DelegatingMethodAccessorImpl.java:43)
	at java.lang.reflect.Method.invoke(Method.java:498)
	at org.junit.runners.model.FrameworkMethod$1.runReflectiveCall(FrameworkMethod.java:50)
	at org.junit.internal.runners.model.ReflectiveCallable.run(ReflectiveCallable.java:12)
	at org.junit.runners.model.FrameworkMethod.invokeExplosively(FrameworkMethod.java:47)
	at org.junit.internal.runners.statements.InvokeMethod.evaluate(InvokeMethod.java:17)
	at org.junit.internal.runners.statements.ExpectException.evaluate(ExpectException.java:19)
	at org.junit.runners.ParentRunner.runLeaf(ParentRunner.java:325)
	at org.junit.runners.BlockJUnit4ClassRunner.runChild(BlockJUnit4ClassRunner.java:78)
	at org.junit.runners.BlockJUnit4ClassRunner.runChild(BlockJUnit4ClassRunner.java:57)
	at org.junit.runners.ParentRunner$3.run(ParentRunner.java:290)
	at org.junit.runners.ParentRunner$1.schedule(ParentRunner.java:71)
	at org.junit.runners.ParentRunner.runChildren(ParentRunner.java:288)
	at org.junit.runners.ParentRunner.access$000(ParentRunner.java:58)
	at org.junit.runners.ParentRunner$2.evaluate(ParentRunner.java:268)
	at org.junit.runners.ParentRunner.run(ParentRunner.java:363)
	at org.apache.maven.surefire.junit4.JUnit4TestSet.execute(JUnit4TestSet.java:53)
	at org.apache.maven.surefire.junit4.JUnit4Provider.executeTestSet(JUnit4Provider.java:123)
	at org.apache.maven.surefire.junit4.JUnit4Provider.invoke(JUnit4Provider.java:104)
	at sun.reflect.NativeMethodAccessorImpl.invoke0(Native Method)
	at sun.reflect.NativeMethodAccessorImpl.invoke(NativeMethodAccessorImpl.java:62)
	at sun.reflect.DelegatingMethodAccessorImpl.invoke(DelegatingMethodAccessorImpl.java:43)
	at java.lang.reflect.Method.invoke(Method.java:498)
	at org.apache.maven.surefire.util.ReflectionUtils.invokeMethodWithArray(ReflectionUtils.java:164)
	at org.apache.maven.surefire.booter.ProviderFactory$ProviderProxy.invoke(ProviderFactory.java:110)
	at org.apache.maven.surefire.booter.SurefireStarter.invokeProvider(SurefireStarter.java:175)
	at org.apache.maven.surefire.booter.SurefireStarter.runSuitesInProcessWhenForked(SurefireStarter.java:107)
	at org.apache.maven.surefire.booter.ForkedBooter.main(ForkedBooter.java:68)
*     00:44:18.465 [main](       0 msec from start) [WARN ] catalog_org.hibernate.mapping.RootClass.checkCompositeIdentifier:288
HHH000038: Composite-id class does not override equals(): com.advantage.catalog.store.model.product.ProductAttributeId
*     00:44:18.474 [main](       9 msec from start) [WARN ] catalog_org.hibernate.mapping.RootClass.checkCompositeIdentifier:289
HHH000039: Composite-id class does not override hashCode(): com.advantage.catalog.store.model.product.ProductAttributeId
*     00:44:19.283 [main](     818 msec from start) [ERROR] catalog_org.hibernate.tool.hbm2ddl.SchemaExport.perform:426
HHH000389: Unsuccessful: alter table ColorAttribute drop constraint FK_4lh8tvtjlay7fe917fyy18t0e
*     00:44:19.285 [main](     820 msec from start) [ERROR] catalog_org.hibernate.tool.hbm2ddl.SchemaExport.perform:427
user lacks privilege or object not found: PUBLIC.COLORATTRIBUTE
*     00:44:19.287 [main](     822 msec from start) [ERROR] catalog_org.hibernate.tool.hbm2ddl.SchemaExport.perform:426
HHH000389: Unsuccessful: alter table DEALS drop constraint FK_4jv7j0353g8hkm4vcyosbkm5a
*     00:44:19.287 [main](     822 msec from start) [ERROR] catalog_org.hibernate.tool.hbm2ddl.SchemaExport.perform:427
user lacks privilege or object not found: PUBLIC.DEALS
*     00:44:19.289 [main](     824 msec from start) [ERROR] catalog_org.hibernate.tool.hbm2ddl.SchemaExport.perform:426
HHH000389: Unsuccessful: alter table ImageAttribute drop constraint FK_q5wu95vfxew1pxed2ygy109ny
*     00:44:19.290 [main](     825 msec from start) [ERROR] catalog_org.hibernate.tool.hbm2ddl.SchemaExport.perform:427
user lacks privilege or object not found: PUBLIC.IMAGEATTRIBUTE
*     00:44:19.292 [main](     827 msec from start) [ERROR] catalog_org.hibernate.tool.hbm2ddl.SchemaExport.perform:426
HHH000389: Unsuccessful: alter table PRODUCT drop constraint FK_6oweamgjibmex1v06bgk59asd
*     00:44:19.292 [main](     827 msec from start) [ERROR] catalog_org.hibernate.tool.hbm2ddl.SchemaExport.perform:427
user lacks privilege or object not found: PUBLIC.PRODUCT
*     00:44:19.294 [main](     829 msec from start) [ERROR] catalog_org.hibernate.tool.hbm2ddl.SchemaExport.perform:426
HHH000389: Unsuccessful: alter table PRODUCT_ATTRIBUTES drop constraint FK_jbumqcl8sam9w1clh3cdm2s38
*     00:44:19.294 [main](     829 msec from start) [ERROR] catalog_org.hibernate.tool.hbm2ddl.SchemaExport.perform:427
user lacks privilege or object not found: PUBLIC.PRODUCT_ATTRIBUTES
*     00:44:19.298 [main](     833 msec from start) [ERROR] catalog_org.hibernate.tool.hbm2ddl.SchemaExport.perform:426
HHH000389: Unsuccessful: alter table PRODUCT_ATTRIBUTES drop constraint FK_6rqlij3051my7v5491rx2q90a
*     00:44:19.299 [main](     834 msec from start) [ERROR] catalog_org.hibernate.tool.hbm2ddl.SchemaExport.perform:427
user lacks privilege or object not found: PUBLIC.PRODUCT_ATTRIBUTES
*     00:44:21.601 [main](    3136 msec from start) [DEBUG] catalog_com.advantage.root.util.ValidationHelper.isValidByRegExpPattern:117
a@b.com match to pattern ^[_A-Za-z0-9-\+]+(\.[_A-Za-z0-9-]+)*@[A-Za-z0-9-]+(\.[A-Za-z0-9]+)*(\.[A-Za-z]{2,})$
*     00:44:21.604 [main](    3139 msec from start) [WARN ] catalog_com.advantage.root.util.ValidationHelper.isValidByRegExpPattern:117
a#d@b.com not match to pattern ^[_A-Za-z0-9-\+]+(\.[_A-Za-z0-9-]+)*@[A-Za-z0-9-]+(\.[A-Za-z0-9]+)*(\.[A-Za-z]{2,})$
*     00:44:21.607 [main](    3142 msec from start) [DEBUG] catalog_com.advantage.root.util.ValidationHelper.isValidByRegExpPattern:117
a@b.com match to pattern ^[_A-Za-z0-9-\+]+(\.[_A-Za-z0-9-]+)*@[A-Za-z0-9-]+(\.[A-Za-z0-9]+)*(\.[A-Za-z]{2,})$
*     00:44:21.608 [main](    3143 msec from start) [WARN ] catalog_com.advantage.root.util.ValidationHelper.isValidByRegExpPattern:117
a#d@b.com not match to pattern ^[_A-Za-z0-9-\+]+(\.[_A-Za-z0-9-]+)*@[A-Za-z0-9-]+(\.[A-Za-z0-9]+)*(\.[A-Za-z]{2,})$
*     00:44:21.610 [main](    3145 msec from start) [DEBUG] catalog_com.advantage.root.util.ValidationHelper.isValidByRegExpPattern:117
a@b.com match to pattern ^[_A-Za-z0-9-\+]+(\.[_A-Za-z0-9-]+)*@[A-Za-z0-9-]+(\.[A-Za-z0-9]+)*(\.[A-Za-z]{2,})$
*     00:44:21.611 [main](    3146 msec from start) [WARN ] catalog_com.advantage.root.util.ValidationHelper.isValidByRegExpPattern:117
a#d@b.com not match to pattern ^[_A-Za-z0-9-\+]+(\.[_A-Za-z0-9-]+)*@[A-Za-z0-9-]+(\.[A-Za-z0-9]+)*(\.[A-Za-z]{2,})$
*     00:44:31.138 [main](       0 msec from start) [DEBUG] order_com.advantage.root.util.ValidationHelper.isValidByRegExpPattern:117
054 123 4567 match to pattern ((\+([1-9]{1}[0-9]{0,3}))?[-.\s]?)\(?([0-9]{1,3})\)?[-.\s]?([0-9]{3})[-.\s]?([0-9]{4})$
*     00:44:31.145 [main](       7 msec from start) [DEBUG] order_com.advantage.root.util.ValidationHelper.isValidByRegExpPattern:117
(054) 1234567 match to pattern ((\+([1-9]{1}[0-9]{0,3}))?[-.\s]?)\(?([0-9]{1,3})\)?[-.\s]?([0-9]{3})[-.\s]?([0-9]{4})$
*     00:44:31.146 [main](       8 msec from start) [DEBUG] order_com.advantage.root.util.ValidationHelper.isValidByRegExpPattern:117
(054) 123 4567 match to pattern ((\+([1-9]{1}[0-9]{0,3}))?[-.\s]?)\(?([0-9]{1,3})\)?[-.\s]?([0-9]{3})[-.\s]?([0-9]{4})$
*     00:44:31.170 [main](      32 msec from start) [DEBUG] order_com.advantage.root.util.ValidationHelper.isValidByRegExpPattern:117
+1 123 456 7890 match to pattern ((\+([1-9]{1}[0-9]{0,3}))?[-.\s]?)\(?([0-9]{1,3})\)?[-.\s]?([0-9]{3})[-.\s]?([0-9]{4})$
*     00:44:31.171 [main](      33 msec from start) [DEBUG] order_com.advantage.root.util.ValidationHelper.isValidByRegExpPattern:117
+972 54 123 4567 match to pattern ((\+([1-9]{1}[0-9]{0,3}))?[-.\s]?)\(?([0-9]{1,3})\)?[-.\s]?([0-9]{3})[-.\s]?([0-9]{4})$
*     00:44:31.172 [main](      34 msec from start) [DEBUG] order_com.advantage.root.util.ValidationHelper.isValidByRegExpPattern:117
+972 54 1234567 match to pattern ((\+([1-9]{1}[0-9]{0,3}))?[-.\s]?)\(?([0-9]{1,3})\)?[-.\s]?([0-9]{3})[-.\s]?([0-9]{4})$
*     00:44:31.173 [main](      35 msec from start) [DEBUG] order_com.advantage.root.util.ValidationHelper.isValidByRegExpPattern:117
+44 123 4567890 match to pattern ((\+([1-9]{1}[0-9]{0,3}))?[-.\s]?)\(?([0-9]{1,3})\)?[-.\s]?([0-9]{3})[-.\s]?([0-9]{4})$
*     00:44:31.174 [main](      36 msec from start) [DEBUG] order_com.advantage.root.util.ValidationHelper.isValidByRegExpPattern:117
+44 1234567890 match to pattern ((\+([1-9]{1}[0-9]{0,3}))?[-.\s]?)\(?([0-9]{1,3})\)?[-.\s]?([0-9]{3})[-.\s]?([0-9]{4})$
*     00:44:31.175 [main](      37 msec from start) [DEBUG] order_com.advantage.root.util.ValidationHelper.isValidByRegExpPattern:117
+441234567890 match to pattern ((\+([1-9]{1}[0-9]{0,3}))?[-.\s]?)\(?([0-9]{1,3})\)?[-.\s]?([0-9]{3})[-.\s]?([0-9]{4})$
*     00:44:31.175 [main](      37 msec from start) [WARN ] order_com.advantage.root.util.ValidationHelper.isValidByRegExpPattern:117
441234567890 not match to pattern ((\+([1-9]{1}[0-9]{0,3}))?[-.\s]?)\(?([0-9]{1,3})\)?[-.\s]?([0-9]{3})[-.\s]?([0-9]{4})$
*     00:44:31.269 [main](     131 msec from start) [DEBUG] order_com.advantage.root.util.ValidationHelper.isValidByRegExpPattern:117
davidK7 match to pattern ((?=.*\d)(?=.*[a-z])(?=.*[A-Z]).{4,12})
*     00:44:31.271 [main](     133 msec from start) [DEBUG] order_com.advantage.root.util.ValidationHelper.isValidByRegExpPattern:117
King7david match to pattern ((?=.*\d)(?=.*[a-z])(?=.*[A-Z]).{4,12})
*     00:44:31.277 [main](     139 msec from start) [WARN ] order_com.advantage.root.util.ValidationHelper.isValidByRegExpPattern:117
Kd5 not match to pattern ((?=.*\d)(?=.*[a-z])(?=.*[A-Z]).{4,12})
*     00:44:31.278 [main](     140 msec from start) [WARN ] order_com.advantage.root.util.ValidationHelper.isValidByRegExpPattern:117
kingdavid not match to pattern ((?=.*\d)(?=.*[a-z])(?=.*[A-Z]).{4,12})
*     00:44:31.278 [main](     140 msec from start) [WARN ] order_com.advantage.root.util.ValidationHelper.isValidByRegExpPattern:117
Kingdavid not match to pattern ((?=.*\d)(?=.*[a-z])(?=.*[A-Z]).{4,12})
*     00:44:31.279 [main](     141 msec from start) [WARN ] order_com.advantage.root.util.ValidationHelper.isValidByRegExpPattern:117
KingSolomon123 not match to pattern ((?=.*\d)(?=.*[a-z])(?=.*[A-Z]).{4,12})
*     00:44:31.365 [main](     227 msec from start) [DEBUG] order_com.advantage.root.util.ValidationHelper.isValidByRegExpPattern:117
a@b.com match to pattern ^[_A-Za-z0-9-\+]+(\.[_A-Za-z0-9-]+)*@[A-Za-z0-9-]+(\.[A-Za-z0-9]+)*(\.[A-Za-z]{2,})$
*     00:44:31.366 [main](     228 msec from start) [DEBUG] order_com.advantage.root.util.ValidationHelper.isValidByRegExpPattern:117
user2015@hpe.com match to pattern ^[_A-Za-z0-9-\+]+(\.[_A-Za-z0-9-]+)*@[A-Za-z0-9-]+(\.[A-Za-z0-9]+)*(\.[A-Za-z]{2,})$
*     00:44:31.367 [main](     229 msec from start) [DEBUG] order_com.advantage.root.util.ValidationHelper.isValidByRegExpPattern:117
pmoi@gov.il match to pattern ^[_A-Za-z0-9-\+]+(\.[_A-Za-z0-9-]+)*@[A-Za-z0-9-]+(\.[A-Za-z0-9]+)*(\.[A-Za-z]{2,})$
*     00:44:31.368 [main](     230 msec from start) [DEBUG] order_com.advantage.root.util.ValidationHelper.isValidByRegExpPattern:117
user_2015@java.org.il match to pattern ^[_A-Za-z0-9-\+]+(\.[_A-Za-z0-9-]+)*@[A-Za-z0-9-]+(\.[A-Za-z0-9]+)*(\.[A-Za-z]{2,})$
*     00:44:31.369 [main](     231 msec from start) [WARN ] order_com.advantage.root.util.ValidationHelper.isValidByRegExpPattern:117
pmoi#@gov.il not match to pattern ^[_A-Za-z0-9-\+]+(\.[_A-Za-z0-9-]+)*@[A-Za-z0-9-]+(\.[A-Za-z0-9]+)*(\.[A-Za-z]{2,})$
*     00:44:31.370 [main](     232 msec from start) [WARN ] order_com.advantage.root.util.ValidationHelper.isValidByRegExpPattern:117
pmoi#gov.il not match to pattern ^[_A-Za-z0-9-\+]+(\.[_A-Za-z0-9-]+)*@[A-Za-z0-9-]+(\.[A-Za-z0-9]+)*(\.[A-Za-z]{2,})$
*     00:44:31.371 [main](     233 msec from start) [WARN ] order_com.advantage.root.util.ValidationHelper.isValidByRegExpPattern:117
pmoi@.com not match to pattern ^[_A-Za-z0-9-\+]+(\.[_A-Za-z0-9-]+)*@[A-Za-z0-9-]+(\.[A-Za-z0-9]+)*(\.[A-Za-z]{2,})$
*     00:44:31.374 [main](     236 msec from start) [DEBUG] order_com.advantage.root.util.ValidationHelper.isValidByRegExpPattern:117
user2015 match to pattern ^[A-Za-z0-9_.-]{3,15}$
*     00:44:31.375 [main](     237 msec from start) [DEBUG] order_com.advantage.root.util.ValidationHelper.isValidByRegExpPattern:117
kingdavid match to pattern ^[A-Za-z0-9_.-]{3,15}$
*     00:44:31.375 [main](     237 msec from start) [DEBUG] order_com.advantage.root.util.ValidationHelper.isValidByRegExpPattern:117
king.david match to pattern ^[A-Za-z0-9_.-]{3,15}$
*     00:44:31.376 [main](     238 msec from start) [DEBUG] order_com.advantage.root.util.ValidationHelper.isValidByRegExpPattern:117
king.solomon match to pattern ^[A-Za-z0-9_.-]{3,15}$
*     00:44:31.376 [main](     238 msec from start) [WARN ] order_com.advantage.root.util.ValidationHelper.isValidByRegExpPattern:117
kd not match to pattern ^[A-Za-z0-9_.-]{3,15}$
*     00:44:31.377 [main](     239 msec from start) [WARN ] order_com.advantage.root.util.ValidationHelper.isValidByRegExpPattern:117
inspector.gadget not match to pattern ^[A-Za-z0-9_.-]{3,15}$
*     00:44:31.379 [main](     241 msec from start) [DEBUG] order_com.advantage.root.util.ValidationHelper.isValidDate:128
date to check: '29.02.2012'
*     00:44:31.380 [main](     242 msec from start) [DEBUG] order_com.advantage.root.util.ValidationHelper.isValidDate:149
29.02.2012 : true
*     00:44:31.381 [main](     243 msec from start) [DEBUG] order_com.advantage.root.util.ValidationHelper.isValidDate:128
date to check: '29.02.2013'
*     00:44:31.382 [main](     244 msec from start) [ERROR] order_com.advantage.root.util.ValidationHelper.isValidDate:145
29.02.2013 : false
*     00:44:31.396 [main](     258 msec from start) [DEBUG] order_com.advantage.root.util.ValidationHelper.isValidDate:128
date to check: '02/29/2012'
*     00:44:31.397 [main](     259 msec from start) [DEBUG] order_com.advantage.root.util.ValidationHelper.isValidDate:149
02/29/2012 : true
*     00:44:31.397 [main](     259 msec from start) [DEBUG] order_com.advantage.root.util.ValidationHelper.isValidDate:128
date to check: '02/29/2013'
*     00:44:31.398 [main](     260 msec from start) [ERROR] order_com.advantage.root.util.ValidationHelper.isValidDate:145
02/29/2013 : false
*     00:44:31.399 [main](     261 msec from start) [DEBUG] order_com.advantage.root.util.ValidationHelper.isValidDate:128
date to check: '2012-02-29'
*     00:44:31.400 [main](     262 msec from start) [DEBUG] order_com.advantage.root.util.ValidationHelper.isValidDate:149
2012-02-29 : true
*     00:44:31.400 [main](     262 msec from start) [DEBUG] order_com.advantage.root.util.ValidationHelper.isValidDate:128
date to check: '2013-02-29'
*     00:44:31.401 [main](     263 msec from start) [ERROR] order_com.advantage.root.util.ValidationHelper.isValidDate:145
2013-02-29 : false
*     00:44:31.443 [main](     305 msec from start) [DEBUG] order_com.advantage.root.util.ValidationHelper.isValidByRegExpPattern:117
00:00:00 match to pattern ([01]?[0-9]|2[0-3]):[0-5][0-9]:[0-5][0-9]
*     00:44:31.444 [main](     306 msec from start) [DEBUG] order_com.advantage.root.util.ValidationHelper.isValidByRegExpPattern:117
02:34:56 match to pattern ([01]?[0-9]|2[0-3]):[0-5][0-9]:[0-5][0-9]
*     00:44:31.444 [main](     306 msec from start) [DEBUG] order_com.advantage.root.util.ValidationHelper.isValidByRegExpPattern:117
12:34:56 match to pattern ([01]?[0-9]|2[0-3]):[0-5][0-9]:[0-5][0-9]
*     00:44:31.445 [main](     307 msec from start) [DEBUG] order_com.advantage.root.util.ValidationHelper.isValidByRegExpPattern:117
13:14:15 match to pattern ([01]?[0-9]|2[0-3]):[0-5][0-9]:[0-5][0-9]
*     00:44:31.446 [main](     308 msec from start) [DEBUG] order_com.advantage.root.util.ValidationHelper.isValidByRegExpPattern:117
23:59:59 match to pattern ([01]?[0-9]|2[0-3]):[0-5][0-9]:[0-5][0-9]
*     00:44:31.447 [main](     309 msec from start) [WARN ] order_com.advantage.root.util.ValidationHelper.isValidByRegExpPattern:117
23:60:59 not match to pattern ([01]?[0-9]|2[0-3]):[0-5][0-9]:[0-5][0-9]
*     00:44:31.447 [main](     309 msec from start) [WARN ] order_com.advantage.root.util.ValidationHelper.isValidByRegExpPattern:117
23:59:60 not match to pattern ([01]?[0-9]|2[0-3]):[0-5][0-9]:[0-5][0-9]
*     00:44:31.448 [main](     310 msec from start) [WARN ] order_com.advantage.root.util.ValidationHelper.isValidByRegExpPattern:117
24:59:59 not match to pattern ([01]?[0-9]|2[0-3]):[0-5][0-9]:[0-5][0-9]
*     01:45:30.304 [main](       1 msec from start) [ERROR] common_com.advantage.common.security.TokenJWT.parseToken:84
The token signed by HS512 algorithm, but must be signed with HS256 (HmacSHA256)
com.advantage.common.exceptions.token.SignatureAlgorithmException: The token signed by HS512 algorithm, but must be signed with HS256 (HmacSHA256)
	at com.advantage.common.security.TokenJWT.parseToken(TokenJWT.java:83)
	at com.advantage.common_test.online.store.util.TokenTests.testNegative256ParserToken(TokenTests.java:48)
	at sun.reflect.NativeMethodAccessorImpl.invoke0(Native Method)
	at sun.reflect.NativeMethodAccessorImpl.invoke(NativeMethodAccessorImpl.java:62)
	at sun.reflect.DelegatingMethodAccessorImpl.invoke(DelegatingMethodAccessorImpl.java:43)
	at java.lang.reflect.Method.invoke(Method.java:498)
	at org.junit.runners.model.FrameworkMethod$1.runReflectiveCall(FrameworkMethod.java:50)
	at org.junit.internal.runners.model.ReflectiveCallable.run(ReflectiveCallable.java:12)
	at org.junit.runners.model.FrameworkMethod.invokeExplosively(FrameworkMethod.java:47)
	at org.junit.internal.runners.statements.InvokeMethod.evaluate(InvokeMethod.java:17)
	at org.junit.internal.runners.statements.ExpectException.evaluate(ExpectException.java:19)
	at org.junit.runners.ParentRunner.runLeaf(ParentRunner.java:325)
	at org.junit.runners.BlockJUnit4ClassRunner.runChild(BlockJUnit4ClassRunner.java:78)
	at org.junit.runners.BlockJUnit4ClassRunner.runChild(BlockJUnit4ClassRunner.java:57)
	at org.junit.runners.ParentRunner$3.run(ParentRunner.java:290)
	at org.junit.runners.ParentRunner$1.schedule(ParentRunner.java:71)
	at org.junit.runners.ParentRunner.runChildren(ParentRunner.java:288)
	at org.junit.runners.ParentRunner.access$000(ParentRunner.java:58)
	at org.junit.runners.ParentRunner$2.evaluate(ParentRunner.java:268)
	at org.junit.runners.ParentRunner.run(ParentRunner.java:363)
	at org.apache.maven.surefire.junit4.JUnit4TestSet.execute(JUnit4TestSet.java:53)
	at org.apache.maven.surefire.junit4.JUnit4Provider.executeTestSet(JUnit4Provider.java:123)
	at org.apache.maven.surefire.junit4.JUnit4Provider.invoke(JUnit4Provider.java:104)
	at sun.reflect.NativeMethodAccessorImpl.invoke0(Native Method)
	at sun.reflect.NativeMethodAccessorImpl.invoke(NativeMethodAccessorImpl.java:62)
	at sun.reflect.DelegatingMethodAccessorImpl.invoke(DelegatingMethodAccessorImpl.java:43)
	at java.lang.reflect.Method.invoke(Method.java:498)
	at org.apache.maven.surefire.util.ReflectionUtils.invokeMethodWithArray(ReflectionUtils.java:164)
	at org.apache.maven.surefire.booter.ProviderFactory$ProviderProxy.invoke(ProviderFactory.java:110)
	at org.apache.maven.surefire.booter.SurefireStarter.invokeProvider(SurefireStarter.java:175)
	at org.apache.maven.surefire.booter.SurefireStarter.runSuitesInProcessWhenForked(SurefireStarter.java:107)
	at org.apache.maven.surefire.booter.ForkedBooter.main(ForkedBooter.java:68)
*     01:46:35.445 [main](       0 msec from start) [WARN ] catalog_org.hibernate.mapping.RootClass.checkCompositeIdentifier:288
HHH000038: Composite-id class does not override equals(): com.advantage.catalog.store.model.product.ProductAttributeId
*     01:46:35.450 [main](       5 msec from start) [WARN ] catalog_org.hibernate.mapping.RootClass.checkCompositeIdentifier:289
HHH000039: Composite-id class does not override hashCode(): com.advantage.catalog.store.model.product.ProductAttributeId
*     01:46:36.245 [main](     800 msec from start) [ERROR] catalog_org.hibernate.tool.hbm2ddl.SchemaExport.perform:426
HHH000389: Unsuccessful: alter table ColorAttribute drop constraint FK_4lh8tvtjlay7fe917fyy18t0e
*     01:46:36.246 [main](     801 msec from start) [ERROR] catalog_org.hibernate.tool.hbm2ddl.SchemaExport.perform:427
user lacks privilege or object not found: PUBLIC.COLORATTRIBUTE
*     01:46:36.248 [main](     803 msec from start) [ERROR] catalog_org.hibernate.tool.hbm2ddl.SchemaExport.perform:426
HHH000389: Unsuccessful: alter table DEALS drop constraint FK_4jv7j0353g8hkm4vcyosbkm5a
*     01:46:36.248 [main](     803 msec from start) [ERROR] catalog_org.hibernate.tool.hbm2ddl.SchemaExport.perform:427
user lacks privilege or object not found: PUBLIC.DEALS
*     01:46:36.249 [main](     804 msec from start) [ERROR] catalog_org.hibernate.tool.hbm2ddl.SchemaExport.perform:426
HHH000389: Unsuccessful: alter table ImageAttribute drop constraint FK_q5wu95vfxew1pxed2ygy109ny
*     01:46:36.250 [main](     805 msec from start) [ERROR] catalog_org.hibernate.tool.hbm2ddl.SchemaExport.perform:427
user lacks privilege or object not found: PUBLIC.IMAGEATTRIBUTE
*     01:46:36.251 [main](     806 msec from start) [ERROR] catalog_org.hibernate.tool.hbm2ddl.SchemaExport.perform:426
HHH000389: Unsuccessful: alter table PRODUCT drop constraint FK_6oweamgjibmex1v06bgk59asd
*     01:46:36.251 [main](     806 msec from start) [ERROR] catalog_org.hibernate.tool.hbm2ddl.SchemaExport.perform:427
user lacks privilege or object not found: PUBLIC.PRODUCT
*     01:46:36.251 [main](     806 msec from start) [ERROR] catalog_org.hibernate.tool.hbm2ddl.SchemaExport.perform:426
HHH000389: Unsuccessful: alter table PRODUCT_ATTRIBUTES drop constraint FK_jbumqcl8sam9w1clh3cdm2s38
*     01:46:36.252 [main](     807 msec from start) [ERROR] catalog_org.hibernate.tool.hbm2ddl.SchemaExport.perform:427
user lacks privilege or object not found: PUBLIC.PRODUCT_ATTRIBUTES
*     01:46:36.253 [main](     808 msec from start) [ERROR] catalog_org.hibernate.tool.hbm2ddl.SchemaExport.perform:426
HHH000389: Unsuccessful: alter table PRODUCT_ATTRIBUTES drop constraint FK_6rqlij3051my7v5491rx2q90a
*     01:46:36.254 [main](     809 msec from start) [ERROR] catalog_org.hibernate.tool.hbm2ddl.SchemaExport.perform:427
user lacks privilege or object not found: PUBLIC.PRODUCT_ATTRIBUTES
*     01:46:38.223 [main](    2778 msec from start) [DEBUG] catalog_com.advantage.root.util.ValidationHelper.isValidByRegExpPattern:117
a@b.com match to pattern ^[_A-Za-z0-9-\+]+(\.[_A-Za-z0-9-]+)*@[A-Za-z0-9-]+(\.[A-Za-z0-9]+)*(\.[A-Za-z]{2,})$
*     01:46:38.224 [main](    2779 msec from start) [WARN ] catalog_com.advantage.root.util.ValidationHelper.isValidByRegExpPattern:117
a#d@b.com not match to pattern ^[_A-Za-z0-9-\+]+(\.[_A-Za-z0-9-]+)*@[A-Za-z0-9-]+(\.[A-Za-z0-9]+)*(\.[A-Za-z]{2,})$
*     01:46:38.227 [main](    2782 msec from start) [DEBUG] catalog_com.advantage.root.util.ValidationHelper.isValidByRegExpPattern:117
a@b.com match to pattern ^[_A-Za-z0-9-\+]+(\.[_A-Za-z0-9-]+)*@[A-Za-z0-9-]+(\.[A-Za-z0-9]+)*(\.[A-Za-z]{2,})$
*     01:46:38.228 [main](    2783 msec from start) [WARN ] catalog_com.advantage.root.util.ValidationHelper.isValidByRegExpPattern:117
a#d@b.com not match to pattern ^[_A-Za-z0-9-\+]+(\.[_A-Za-z0-9-]+)*@[A-Za-z0-9-]+(\.[A-Za-z0-9]+)*(\.[A-Za-z]{2,})$
*     01:46:38.229 [main](    2784 msec from start) [DEBUG] catalog_com.advantage.root.util.ValidationHelper.isValidByRegExpPattern:117
a@b.com match to pattern ^[_A-Za-z0-9-\+]+(\.[_A-Za-z0-9-]+)*@[A-Za-z0-9-]+(\.[A-Za-z0-9]+)*(\.[A-Za-z]{2,})$
*     01:46:38.230 [main](    2785 msec from start) [WARN ] catalog_com.advantage.root.util.ValidationHelper.isValidByRegExpPattern:117
a#d@b.com not match to pattern ^[_A-Za-z0-9-\+]+(\.[_A-Za-z0-9-]+)*@[A-Za-z0-9-]+(\.[A-Za-z0-9]+)*(\.[A-Za-z]{2,})$
*     01:46:47.498 [main](       0 msec from start) [DEBUG] order_com.advantage.root.util.ValidationHelper.isValidByRegExpPattern:117
054 123 4567 match to pattern ((\+([1-9]{1}[0-9]{0,3}))?[-.\s]?)\(?([0-9]{1,3})\)?[-.\s]?([0-9]{3})[-.\s]?([0-9]{4})$
*     01:46:47.503 [main](       5 msec from start) [DEBUG] order_com.advantage.root.util.ValidationHelper.isValidByRegExpPattern:117
(054) 1234567 match to pattern ((\+([1-9]{1}[0-9]{0,3}))?[-.\s]?)\(?([0-9]{1,3})\)?[-.\s]?([0-9]{3})[-.\s]?([0-9]{4})$
*     01:46:47.503 [main](       5 msec from start) [DEBUG] order_com.advantage.root.util.ValidationHelper.isValidByRegExpPattern:117
(054) 123 4567 match to pattern ((\+([1-9]{1}[0-9]{0,3}))?[-.\s]?)\(?([0-9]{1,3})\)?[-.\s]?([0-9]{3})[-.\s]?([0-9]{4})$
*     01:46:47.504 [main](       6 msec from start) [DEBUG] order_com.advantage.root.util.ValidationHelper.isValidByRegExpPattern:117
+1 123 456 7890 match to pattern ((\+([1-9]{1}[0-9]{0,3}))?[-.\s]?)\(?([0-9]{1,3})\)?[-.\s]?([0-9]{3})[-.\s]?([0-9]{4})$
*     01:46:47.505 [main](       7 msec from start) [DEBUG] order_com.advantage.root.util.ValidationHelper.isValidByRegExpPattern:117
+972 54 123 4567 match to pattern ((\+([1-9]{1}[0-9]{0,3}))?[-.\s]?)\(?([0-9]{1,3})\)?[-.\s]?([0-9]{3})[-.\s]?([0-9]{4})$
*     01:46:47.505 [main](       7 msec from start) [DEBUG] order_com.advantage.root.util.ValidationHelper.isValidByRegExpPattern:117
+972 54 1234567 match to pattern ((\+([1-9]{1}[0-9]{0,3}))?[-.\s]?)\(?([0-9]{1,3})\)?[-.\s]?([0-9]{3})[-.\s]?([0-9]{4})$
*     01:46:47.506 [main](       8 msec from start) [DEBUG] order_com.advantage.root.util.ValidationHelper.isValidByRegExpPattern:117
+44 123 4567890 match to pattern ((\+([1-9]{1}[0-9]{0,3}))?[-.\s]?)\(?([0-9]{1,3})\)?[-.\s]?([0-9]{3})[-.\s]?([0-9]{4})$
*     01:46:47.507 [main](       9 msec from start) [DEBUG] order_com.advantage.root.util.ValidationHelper.isValidByRegExpPattern:117
+44 1234567890 match to pattern ((\+([1-9]{1}[0-9]{0,3}))?[-.\s]?)\(?([0-9]{1,3})\)?[-.\s]?([0-9]{3})[-.\s]?([0-9]{4})$
*     01:46:47.507 [main](       9 msec from start) [DEBUG] order_com.advantage.root.util.ValidationHelper.isValidByRegExpPattern:117
+441234567890 match to pattern ((\+([1-9]{1}[0-9]{0,3}))?[-.\s]?)\(?([0-9]{1,3})\)?[-.\s]?([0-9]{3})[-.\s]?([0-9]{4})$
*     01:46:47.508 [main](      10 msec from start) [WARN ] order_com.advantage.root.util.ValidationHelper.isValidByRegExpPattern:117
441234567890 not match to pattern ((\+([1-9]{1}[0-9]{0,3}))?[-.\s]?)\(?([0-9]{1,3})\)?[-.\s]?([0-9]{3})[-.\s]?([0-9]{4})$
*     01:46:47.512 [main](      14 msec from start) [DEBUG] order_com.advantage.root.util.ValidationHelper.isValidByRegExpPattern:117
davidK7 match to pattern ((?=.*\d)(?=.*[a-z])(?=.*[A-Z]).{4,12})
*     01:46:47.513 [main](      15 msec from start) [DEBUG] order_com.advantage.root.util.ValidationHelper.isValidByRegExpPattern:117
King7david match to pattern ((?=.*\d)(?=.*[a-z])(?=.*[A-Z]).{4,12})
*     01:46:47.514 [main](      16 msec from start) [WARN ] order_com.advantage.root.util.ValidationHelper.isValidByRegExpPattern:117
Kd5 not match to pattern ((?=.*\d)(?=.*[a-z])(?=.*[A-Z]).{4,12})
*     01:46:47.515 [main](      17 msec from start) [WARN ] order_com.advantage.root.util.ValidationHelper.isValidByRegExpPattern:117
kingdavid not match to pattern ((?=.*\d)(?=.*[a-z])(?=.*[A-Z]).{4,12})
*     01:46:47.515 [main](      17 msec from start) [WARN ] order_com.advantage.root.util.ValidationHelper.isValidByRegExpPattern:117
Kingdavid not match to pattern ((?=.*\d)(?=.*[a-z])(?=.*[A-Z]).{4,12})
*     01:46:47.516 [main](      18 msec from start) [WARN ] order_com.advantage.root.util.ValidationHelper.isValidByRegExpPattern:117
KingSolomon123 not match to pattern ((?=.*\d)(?=.*[a-z])(?=.*[A-Z]).{4,12})
*     01:46:47.519 [main](      21 msec from start) [DEBUG] order_com.advantage.root.util.ValidationHelper.isValidByRegExpPattern:117
a@b.com match to pattern ^[_A-Za-z0-9-\+]+(\.[_A-Za-z0-9-]+)*@[A-Za-z0-9-]+(\.[A-Za-z0-9]+)*(\.[A-Za-z]{2,})$
*     01:46:47.522 [main](      24 msec from start) [DEBUG] order_com.advantage.root.util.ValidationHelper.isValidByRegExpPattern:117
user2015@hpe.com match to pattern ^[_A-Za-z0-9-\+]+(\.[_A-Za-z0-9-]+)*@[A-Za-z0-9-]+(\.[A-Za-z0-9]+)*(\.[A-Za-z]{2,})$
*     01:46:47.523 [main](      25 msec from start) [DEBUG] order_com.advantage.root.util.ValidationHelper.isValidByRegExpPattern:117
pmoi@gov.il match to pattern ^[_A-Za-z0-9-\+]+(\.[_A-Za-z0-9-]+)*@[A-Za-z0-9-]+(\.[A-Za-z0-9]+)*(\.[A-Za-z]{2,})$
*     01:46:47.524 [main](      26 msec from start) [DEBUG] order_com.advantage.root.util.ValidationHelper.isValidByRegExpPattern:117
user_2015@java.org.il match to pattern ^[_A-Za-z0-9-\+]+(\.[_A-Za-z0-9-]+)*@[A-Za-z0-9-]+(\.[A-Za-z0-9]+)*(\.[A-Za-z]{2,})$
*     01:46:47.525 [main](      27 msec from start) [WARN ] order_com.advantage.root.util.ValidationHelper.isValidByRegExpPattern:117
pmoi#@gov.il not match to pattern ^[_A-Za-z0-9-\+]+(\.[_A-Za-z0-9-]+)*@[A-Za-z0-9-]+(\.[A-Za-z0-9]+)*(\.[A-Za-z]{2,})$
*     01:46:47.533 [main](      35 msec from start) [WARN ] order_com.advantage.root.util.ValidationHelper.isValidByRegExpPattern:117
pmoi#gov.il not match to pattern ^[_A-Za-z0-9-\+]+(\.[_A-Za-z0-9-]+)*@[A-Za-z0-9-]+(\.[A-Za-z0-9]+)*(\.[A-Za-z]{2,})$
*     01:46:47.534 [main](      36 msec from start) [WARN ] order_com.advantage.root.util.ValidationHelper.isValidByRegExpPattern:117
pmoi@.com not match to pattern ^[_A-Za-z0-9-\+]+(\.[_A-Za-z0-9-]+)*@[A-Za-z0-9-]+(\.[A-Za-z0-9]+)*(\.[A-Za-z]{2,})$
*     01:46:47.536 [main](      38 msec from start) [DEBUG] order_com.advantage.root.util.ValidationHelper.isValidByRegExpPattern:117
user2015 match to pattern ^[A-Za-z0-9_.-]{3,15}$
*     01:46:47.537 [main](      39 msec from start) [DEBUG] order_com.advantage.root.util.ValidationHelper.isValidByRegExpPattern:117
kingdavid match to pattern ^[A-Za-z0-9_.-]{3,15}$
*     01:46:47.537 [main](      39 msec from start) [DEBUG] order_com.advantage.root.util.ValidationHelper.isValidByRegExpPattern:117
king.david match to pattern ^[A-Za-z0-9_.-]{3,15}$
*     01:46:47.538 [main](      40 msec from start) [DEBUG] order_com.advantage.root.util.ValidationHelper.isValidByRegExpPattern:117
king.solomon match to pattern ^[A-Za-z0-9_.-]{3,15}$
*     01:46:47.538 [main](      40 msec from start) [WARN ] order_com.advantage.root.util.ValidationHelper.isValidByRegExpPattern:117
kd not match to pattern ^[A-Za-z0-9_.-]{3,15}$
*     01:46:47.539 [main](      41 msec from start) [WARN ] order_com.advantage.root.util.ValidationHelper.isValidByRegExpPattern:117
inspector.gadget not match to pattern ^[A-Za-z0-9_.-]{3,15}$
*     01:46:47.540 [main](      42 msec from start) [DEBUG] order_com.advantage.root.util.ValidationHelper.isValidDate:128
date to check: '29.02.2012'
*     01:46:47.542 [main](      44 msec from start) [DEBUG] order_com.advantage.root.util.ValidationHelper.isValidDate:149
29.02.2012 : true
*     01:46:47.542 [main](      44 msec from start) [DEBUG] order_com.advantage.root.util.ValidationHelper.isValidDate:128
date to check: '29.02.2013'
*     01:46:47.543 [main](      45 msec from start) [ERROR] order_com.advantage.root.util.ValidationHelper.isValidDate:145
29.02.2013 : false
*     01:46:47.544 [main](      46 msec from start) [DEBUG] order_com.advantage.root.util.ValidationHelper.isValidDate:128
date to check: '02/29/2012'
*     01:46:47.545 [main](      47 msec from start) [DEBUG] order_com.advantage.root.util.ValidationHelper.isValidDate:149
02/29/2012 : true
*     01:46:47.545 [main](      47 msec from start) [DEBUG] order_com.advantage.root.util.ValidationHelper.isValidDate:128
date to check: '02/29/2013'
*     01:46:47.546 [main](      48 msec from start) [ERROR] order_com.advantage.root.util.ValidationHelper.isValidDate:145
02/29/2013 : false
*     01:46:47.547 [main](      49 msec from start) [DEBUG] order_com.advantage.root.util.ValidationHelper.isValidDate:128
date to check: '2012-02-29'
*     01:46:47.547 [main](      49 msec from start) [DEBUG] order_com.advantage.root.util.ValidationHelper.isValidDate:149
2012-02-29 : true
*     01:46:47.547 [main](      49 msec from start) [DEBUG] order_com.advantage.root.util.ValidationHelper.isValidDate:128
date to check: '2013-02-29'
*     01:46:47.548 [main](      50 msec from start) [ERROR] order_com.advantage.root.util.ValidationHelper.isValidDate:145
2013-02-29 : false
*     01:46:47.551 [main](      53 msec from start) [DEBUG] order_com.advantage.root.util.ValidationHelper.isValidByRegExpPattern:117
00:00:00 match to pattern ([01]?[0-9]|2[0-3]):[0-5][0-9]:[0-5][0-9]
*     01:46:47.551 [main](      53 msec from start) [DEBUG] order_com.advantage.root.util.ValidationHelper.isValidByRegExpPattern:117
02:34:56 match to pattern ([01]?[0-9]|2[0-3]):[0-5][0-9]:[0-5][0-9]
*     01:46:47.552 [main](      54 msec from start) [DEBUG] order_com.advantage.root.util.ValidationHelper.isValidByRegExpPattern:117
12:34:56 match to pattern ([01]?[0-9]|2[0-3]):[0-5][0-9]:[0-5][0-9]
*     01:46:47.552 [main](      54 msec from start) [DEBUG] order_com.advantage.root.util.ValidationHelper.isValidByRegExpPattern:117
13:14:15 match to pattern ([01]?[0-9]|2[0-3]):[0-5][0-9]:[0-5][0-9]
*     01:46:47.552 [main](      54 msec from start) [DEBUG] order_com.advantage.root.util.ValidationHelper.isValidByRegExpPattern:117
23:59:59 match to pattern ([01]?[0-9]|2[0-3]):[0-5][0-9]:[0-5][0-9]
*     01:46:47.553 [main](      55 msec from start) [WARN ] order_com.advantage.root.util.ValidationHelper.isValidByRegExpPattern:117
23:60:59 not match to pattern ([01]?[0-9]|2[0-3]):[0-5][0-9]:[0-5][0-9]
*     01:46:47.554 [main](      56 msec from start) [WARN ] order_com.advantage.root.util.ValidationHelper.isValidByRegExpPattern:117
23:59:60 not match to pattern ([01]?[0-9]|2[0-3]):[0-5][0-9]:[0-5][0-9]
*     01:46:47.554 [main](      56 msec from start) [WARN ] order_com.advantage.root.util.ValidationHelper.isValidByRegExpPattern:117
24:59:59 not match to pattern ([01]?[0-9]|2[0-3]):[0-5][0-9]:[0-5][0-9]
*     02:11:33.332 [main](       1 msec from start) [ERROR] common_com.advantage.common.security.TokenJWT.parseToken:84
The token signed by HS512 algorithm, but must be signed with HS256 (HmacSHA256)
com.advantage.common.exceptions.token.SignatureAlgorithmException: The token signed by HS512 algorithm, but must be signed with HS256 (HmacSHA256)
	at com.advantage.common.security.TokenJWT.parseToken(TokenJWT.java:83)
	at com.advantage.common_test.online.store.util.TokenTests.testNegative256ParserToken(TokenTests.java:48)
	at sun.reflect.NativeMethodAccessorImpl.invoke0(Native Method)
	at sun.reflect.NativeMethodAccessorImpl.invoke(NativeMethodAccessorImpl.java:62)
	at sun.reflect.DelegatingMethodAccessorImpl.invoke(DelegatingMethodAccessorImpl.java:43)
	at java.lang.reflect.Method.invoke(Method.java:498)
	at org.junit.runners.model.FrameworkMethod$1.runReflectiveCall(FrameworkMethod.java:50)
	at org.junit.internal.runners.model.ReflectiveCallable.run(ReflectiveCallable.java:12)
	at org.junit.runners.model.FrameworkMethod.invokeExplosively(FrameworkMethod.java:47)
	at org.junit.internal.runners.statements.InvokeMethod.evaluate(InvokeMethod.java:17)
	at org.junit.internal.runners.statements.ExpectException.evaluate(ExpectException.java:19)
	at org.junit.runners.ParentRunner.runLeaf(ParentRunner.java:325)
	at org.junit.runners.BlockJUnit4ClassRunner.runChild(BlockJUnit4ClassRunner.java:78)
	at org.junit.runners.BlockJUnit4ClassRunner.runChild(BlockJUnit4ClassRunner.java:57)
	at org.junit.runners.ParentRunner$3.run(ParentRunner.java:290)
	at org.junit.runners.ParentRunner$1.schedule(ParentRunner.java:71)
	at org.junit.runners.ParentRunner.runChildren(ParentRunner.java:288)
	at org.junit.runners.ParentRunner.access$000(ParentRunner.java:58)
	at org.junit.runners.ParentRunner$2.evaluate(ParentRunner.java:268)
	at org.junit.runners.ParentRunner.run(ParentRunner.java:363)
	at org.apache.maven.surefire.junit4.JUnit4TestSet.execute(JUnit4TestSet.java:53)
	at org.apache.maven.surefire.junit4.JUnit4Provider.executeTestSet(JUnit4Provider.java:123)
	at org.apache.maven.surefire.junit4.JUnit4Provider.invoke(JUnit4Provider.java:104)
	at sun.reflect.NativeMethodAccessorImpl.invoke0(Native Method)
	at sun.reflect.NativeMethodAccessorImpl.invoke(NativeMethodAccessorImpl.java:62)
	at sun.reflect.DelegatingMethodAccessorImpl.invoke(DelegatingMethodAccessorImpl.java:43)
	at java.lang.reflect.Method.invoke(Method.java:498)
	at org.apache.maven.surefire.util.ReflectionUtils.invokeMethodWithArray(ReflectionUtils.java:164)
	at org.apache.maven.surefire.booter.ProviderFactory$ProviderProxy.invoke(ProviderFactory.java:110)
	at org.apache.maven.surefire.booter.SurefireStarter.invokeProvider(SurefireStarter.java:175)
	at org.apache.maven.surefire.booter.SurefireStarter.runSuitesInProcessWhenForked(SurefireStarter.java:107)
	at org.apache.maven.surefire.booter.ForkedBooter.main(ForkedBooter.java:68)
*     02:12:37.916 [main](       0 msec from start) [WARN ] catalog_org.hibernate.mapping.RootClass.checkCompositeIdentifier:288
HHH000038: Composite-id class does not override equals(): com.advantage.catalog.store.model.product.ProductAttributeId
*     02:12:37.921 [main](       5 msec from start) [WARN ] catalog_org.hibernate.mapping.RootClass.checkCompositeIdentifier:289
HHH000039: Composite-id class does not override hashCode(): com.advantage.catalog.store.model.product.ProductAttributeId
*     02:12:39.151 [main](    1235 msec from start) [ERROR] catalog_org.hibernate.tool.hbm2ddl.SchemaExport.perform:426
HHH000389: Unsuccessful: alter table ColorAttribute drop constraint FK_4lh8tvtjlay7fe917fyy18t0e
*     02:12:39.152 [main](    1236 msec from start) [ERROR] catalog_org.hibernate.tool.hbm2ddl.SchemaExport.perform:427
user lacks privilege or object not found: PUBLIC.COLORATTRIBUTE
*     02:12:39.154 [main](    1238 msec from start) [ERROR] catalog_org.hibernate.tool.hbm2ddl.SchemaExport.perform:426
HHH000389: Unsuccessful: alter table DEALS drop constraint FK_4jv7j0353g8hkm4vcyosbkm5a
*     02:12:39.154 [main](    1238 msec from start) [ERROR] catalog_org.hibernate.tool.hbm2ddl.SchemaExport.perform:427
user lacks privilege or object not found: PUBLIC.DEALS
*     02:12:39.155 [main](    1239 msec from start) [ERROR] catalog_org.hibernate.tool.hbm2ddl.SchemaExport.perform:426
HHH000389: Unsuccessful: alter table ImageAttribute drop constraint FK_q5wu95vfxew1pxed2ygy109ny
*     02:12:39.156 [main](    1240 msec from start) [ERROR] catalog_org.hibernate.tool.hbm2ddl.SchemaExport.perform:427
user lacks privilege or object not found: PUBLIC.IMAGEATTRIBUTE
*     02:12:39.157 [main](    1241 msec from start) [ERROR] catalog_org.hibernate.tool.hbm2ddl.SchemaExport.perform:426
HHH000389: Unsuccessful: alter table PRODUCT drop constraint FK_6oweamgjibmex1v06bgk59asd
*     02:12:39.158 [main](    1242 msec from start) [ERROR] catalog_org.hibernate.tool.hbm2ddl.SchemaExport.perform:427
user lacks privilege or object not found: PUBLIC.PRODUCT
*     02:12:39.159 [main](    1243 msec from start) [ERROR] catalog_org.hibernate.tool.hbm2ddl.SchemaExport.perform:426
HHH000389: Unsuccessful: alter table PRODUCT_ATTRIBUTES drop constraint FK_jbumqcl8sam9w1clh3cdm2s38
*     02:12:39.160 [main](    1244 msec from start) [ERROR] catalog_org.hibernate.tool.hbm2ddl.SchemaExport.perform:427
user lacks privilege or object not found: PUBLIC.PRODUCT_ATTRIBUTES
*     02:12:39.161 [main](    1245 msec from start) [ERROR] catalog_org.hibernate.tool.hbm2ddl.SchemaExport.perform:426
HHH000389: Unsuccessful: alter table PRODUCT_ATTRIBUTES drop constraint FK_6rqlij3051my7v5491rx2q90a
*     02:12:39.162 [main](    1246 msec from start) [ERROR] catalog_org.hibernate.tool.hbm2ddl.SchemaExport.perform:427
user lacks privilege or object not found: PUBLIC.PRODUCT_ATTRIBUTES
*     02:12:41.241 [main](    3325 msec from start) [DEBUG] catalog_com.advantage.root.util.ValidationHelper.isValidByRegExpPattern:117
a@b.com match to pattern ^[_A-Za-z0-9-\+]+(\.[_A-Za-z0-9-]+)*@[A-Za-z0-9-]+(\.[A-Za-z0-9]+)*(\.[A-Za-z]{2,})$
*     02:12:41.243 [main](    3327 msec from start) [WARN ] catalog_com.advantage.root.util.ValidationHelper.isValidByRegExpPattern:117
a#d@b.com not match to pattern ^[_A-Za-z0-9-\+]+(\.[_A-Za-z0-9-]+)*@[A-Za-z0-9-]+(\.[A-Za-z0-9]+)*(\.[A-Za-z]{2,})$
*     02:12:41.254 [main](    3338 msec from start) [DEBUG] catalog_com.advantage.root.util.ValidationHelper.isValidByRegExpPattern:117
a@b.com match to pattern ^[_A-Za-z0-9-\+]+(\.[_A-Za-z0-9-]+)*@[A-Za-z0-9-]+(\.[A-Za-z0-9]+)*(\.[A-Za-z]{2,})$
*     02:12:41.255 [main](    3339 msec from start) [WARN ] catalog_com.advantage.root.util.ValidationHelper.isValidByRegExpPattern:117
a#d@b.com not match to pattern ^[_A-Za-z0-9-\+]+(\.[_A-Za-z0-9-]+)*@[A-Za-z0-9-]+(\.[A-Za-z0-9]+)*(\.[A-Za-z]{2,})$
*     02:12:41.256 [main](    3340 msec from start) [DEBUG] catalog_com.advantage.root.util.ValidationHelper.isValidByRegExpPattern:117
a@b.com match to pattern ^[_A-Za-z0-9-\+]+(\.[_A-Za-z0-9-]+)*@[A-Za-z0-9-]+(\.[A-Za-z0-9]+)*(\.[A-Za-z]{2,})$
*     02:12:41.257 [main](    3341 msec from start) [WARN ] catalog_com.advantage.root.util.ValidationHelper.isValidByRegExpPattern:117
a#d@b.com not match to pattern ^[_A-Za-z0-9-\+]+(\.[_A-Za-z0-9-]+)*@[A-Za-z0-9-]+(\.[A-Za-z0-9]+)*(\.[A-Za-z]{2,})$
*     02:12:50.311 [main](       0 msec from start) [DEBUG] order_com.advantage.root.util.ValidationHelper.isValidByRegExpPattern:117
054 123 4567 match to pattern ((\+([1-9]{1}[0-9]{0,3}))?[-.\s]?)\(?([0-9]{1,3})\)?[-.\s]?([0-9]{3})[-.\s]?([0-9]{4})$
*     02:12:50.318 [main](       7 msec from start) [DEBUG] order_com.advantage.root.util.ValidationHelper.isValidByRegExpPattern:117
(054) 1234567 match to pattern ((\+([1-9]{1}[0-9]{0,3}))?[-.\s]?)\(?([0-9]{1,3})\)?[-.\s]?([0-9]{3})[-.\s]?([0-9]{4})$
*     02:12:50.319 [main](       8 msec from start) [DEBUG] order_com.advantage.root.util.ValidationHelper.isValidByRegExpPattern:117
(054) 123 4567 match to pattern ((\+([1-9]{1}[0-9]{0,3}))?[-.\s]?)\(?([0-9]{1,3})\)?[-.\s]?([0-9]{3})[-.\s]?([0-9]{4})$
*     02:12:50.320 [main](       9 msec from start) [DEBUG] order_com.advantage.root.util.ValidationHelper.isValidByRegExpPattern:117
+1 123 456 7890 match to pattern ((\+([1-9]{1}[0-9]{0,3}))?[-.\s]?)\(?([0-9]{1,3})\)?[-.\s]?([0-9]{3})[-.\s]?([0-9]{4})$
*     02:12:50.321 [main](      10 msec from start) [DEBUG] order_com.advantage.root.util.ValidationHelper.isValidByRegExpPattern:117
+972 54 123 4567 match to pattern ((\+([1-9]{1}[0-9]{0,3}))?[-.\s]?)\(?([0-9]{1,3})\)?[-.\s]?([0-9]{3})[-.\s]?([0-9]{4})$
*     02:12:50.322 [main](      11 msec from start) [DEBUG] order_com.advantage.root.util.ValidationHelper.isValidByRegExpPattern:117
+972 54 1234567 match to pattern ((\+([1-9]{1}[0-9]{0,3}))?[-.\s]?)\(?([0-9]{1,3})\)?[-.\s]?([0-9]{3})[-.\s]?([0-9]{4})$
*     02:12:50.324 [main](      13 msec from start) [DEBUG] order_com.advantage.root.util.ValidationHelper.isValidByRegExpPattern:117
+44 123 4567890 match to pattern ((\+([1-9]{1}[0-9]{0,3}))?[-.\s]?)\(?([0-9]{1,3})\)?[-.\s]?([0-9]{3})[-.\s]?([0-9]{4})$
*     02:12:50.325 [main](      14 msec from start) [DEBUG] order_com.advantage.root.util.ValidationHelper.isValidByRegExpPattern:117
+44 1234567890 match to pattern ((\+([1-9]{1}[0-9]{0,3}))?[-.\s]?)\(?([0-9]{1,3})\)?[-.\s]?([0-9]{3})[-.\s]?([0-9]{4})$
*     02:12:50.326 [main](      15 msec from start) [DEBUG] order_com.advantage.root.util.ValidationHelper.isValidByRegExpPattern:117
+441234567890 match to pattern ((\+([1-9]{1}[0-9]{0,3}))?[-.\s]?)\(?([0-9]{1,3})\)?[-.\s]?([0-9]{3})[-.\s]?([0-9]{4})$
*     02:12:50.327 [main](      16 msec from start) [WARN ] order_com.advantage.root.util.ValidationHelper.isValidByRegExpPattern:117
441234567890 not match to pattern ((\+([1-9]{1}[0-9]{0,3}))?[-.\s]?)\(?([0-9]{1,3})\)?[-.\s]?([0-9]{3})[-.\s]?([0-9]{4})$
*     02:12:50.332 [main](      21 msec from start) [DEBUG] order_com.advantage.root.util.ValidationHelper.isValidByRegExpPattern:117
davidK7 match to pattern ((?=.*\d)(?=.*[a-z])(?=.*[A-Z]).{4,12})
*     02:12:50.333 [main](      22 msec from start) [DEBUG] order_com.advantage.root.util.ValidationHelper.isValidByRegExpPattern:117
King7david match to pattern ((?=.*\d)(?=.*[a-z])(?=.*[A-Z]).{4,12})
*     02:12:50.334 [main](      23 msec from start) [WARN ] order_com.advantage.root.util.ValidationHelper.isValidByRegExpPattern:117
Kd5 not match to pattern ((?=.*\d)(?=.*[a-z])(?=.*[A-Z]).{4,12})
*     02:12:50.335 [main](      24 msec from start) [WARN ] order_com.advantage.root.util.ValidationHelper.isValidByRegExpPattern:117
kingdavid not match to pattern ((?=.*\d)(?=.*[a-z])(?=.*[A-Z]).{4,12})
*     02:12:50.336 [main](      25 msec from start) [WARN ] order_com.advantage.root.util.ValidationHelper.isValidByRegExpPattern:117
Kingdavid not match to pattern ((?=.*\d)(?=.*[a-z])(?=.*[A-Z]).{4,12})
*     02:12:50.336 [main](      25 msec from start) [WARN ] order_com.advantage.root.util.ValidationHelper.isValidByRegExpPattern:117
KingSolomon123 not match to pattern ((?=.*\d)(?=.*[a-z])(?=.*[A-Z]).{4,12})
*     02:12:50.349 [main](      38 msec from start) [DEBUG] order_com.advantage.root.util.ValidationHelper.isValidByRegExpPattern:117
a@b.com match to pattern ^[_A-Za-z0-9-\+]+(\.[_A-Za-z0-9-]+)*@[A-Za-z0-9-]+(\.[A-Za-z0-9]+)*(\.[A-Za-z]{2,})$
*     02:12:50.350 [main](      39 msec from start) [DEBUG] order_com.advantage.root.util.ValidationHelper.isValidByRegExpPattern:117
user2015@hpe.com match to pattern ^[_A-Za-z0-9-\+]+(\.[_A-Za-z0-9-]+)*@[A-Za-z0-9-]+(\.[A-Za-z0-9]+)*(\.[A-Za-z]{2,})$
*     02:12:50.351 [main](      40 msec from start) [DEBUG] order_com.advantage.root.util.ValidationHelper.isValidByRegExpPattern:117
pmoi@gov.il match to pattern ^[_A-Za-z0-9-\+]+(\.[_A-Za-z0-9-]+)*@[A-Za-z0-9-]+(\.[A-Za-z0-9]+)*(\.[A-Za-z]{2,})$
*     02:12:50.351 [main](      40 msec from start) [DEBUG] order_com.advantage.root.util.ValidationHelper.isValidByRegExpPattern:117
user_2015@java.org.il match to pattern ^[_A-Za-z0-9-\+]+(\.[_A-Za-z0-9-]+)*@[A-Za-z0-9-]+(\.[A-Za-z0-9]+)*(\.[A-Za-z]{2,})$
*     02:12:50.352 [main](      41 msec from start) [WARN ] order_com.advantage.root.util.ValidationHelper.isValidByRegExpPattern:117
pmoi#@gov.il not match to pattern ^[_A-Za-z0-9-\+]+(\.[_A-Za-z0-9-]+)*@[A-Za-z0-9-]+(\.[A-Za-z0-9]+)*(\.[A-Za-z]{2,})$
*     02:12:50.352 [main](      41 msec from start) [WARN ] order_com.advantage.root.util.ValidationHelper.isValidByRegExpPattern:117
pmoi#gov.il not match to pattern ^[_A-Za-z0-9-\+]+(\.[_A-Za-z0-9-]+)*@[A-Za-z0-9-]+(\.[A-Za-z0-9]+)*(\.[A-Za-z]{2,})$
*     02:12:50.352 [main](      41 msec from start) [WARN ] order_com.advantage.root.util.ValidationHelper.isValidByRegExpPattern:117
pmoi@.com not match to pattern ^[_A-Za-z0-9-\+]+(\.[_A-Za-z0-9-]+)*@[A-Za-z0-9-]+(\.[A-Za-z0-9]+)*(\.[A-Za-z]{2,})$
*     02:12:50.354 [main](      43 msec from start) [DEBUG] order_com.advantage.root.util.ValidationHelper.isValidByRegExpPattern:117
user2015 match to pattern ^[A-Za-z0-9_.-]{3,15}$
*     02:12:50.355 [main](      44 msec from start) [DEBUG] order_com.advantage.root.util.ValidationHelper.isValidByRegExpPattern:117
kingdavid match to pattern ^[A-Za-z0-9_.-]{3,15}$
*     02:12:50.356 [main](      45 msec from start) [DEBUG] order_com.advantage.root.util.ValidationHelper.isValidByRegExpPattern:117
king.david match to pattern ^[A-Za-z0-9_.-]{3,15}$
*     02:12:50.356 [main](      45 msec from start) [DEBUG] order_com.advantage.root.util.ValidationHelper.isValidByRegExpPattern:117
king.solomon match to pattern ^[A-Za-z0-9_.-]{3,15}$
*     02:12:50.357 [main](      46 msec from start) [WARN ] order_com.advantage.root.util.ValidationHelper.isValidByRegExpPattern:117
kd not match to pattern ^[A-Za-z0-9_.-]{3,15}$
*     02:12:50.358 [main](      47 msec from start) [WARN ] order_com.advantage.root.util.ValidationHelper.isValidByRegExpPattern:117
inspector.gadget not match to pattern ^[A-Za-z0-9_.-]{3,15}$
*     02:12:50.360 [main](      49 msec from start) [DEBUG] order_com.advantage.root.util.ValidationHelper.isValidDate:128
date to check: '29.02.2012'
*     02:12:50.362 [main](      51 msec from start) [DEBUG] order_com.advantage.root.util.ValidationHelper.isValidDate:149
29.02.2012 : true
*     02:12:50.362 [main](      51 msec from start) [DEBUG] order_com.advantage.root.util.ValidationHelper.isValidDate:128
date to check: '29.02.2013'
*     02:12:50.366 [main](      55 msec from start) [ERROR] order_com.advantage.root.util.ValidationHelper.isValidDate:145
29.02.2013 : false
*     02:12:50.367 [main](      56 msec from start) [DEBUG] order_com.advantage.root.util.ValidationHelper.isValidDate:128
date to check: '02/29/2012'
*     02:12:50.369 [main](      58 msec from start) [DEBUG] order_com.advantage.root.util.ValidationHelper.isValidDate:149
02/29/2012 : true
*     02:12:50.369 [main](      58 msec from start) [DEBUG] order_com.advantage.root.util.ValidationHelper.isValidDate:128
date to check: '02/29/2013'
*     02:12:50.370 [main](      59 msec from start) [ERROR] order_com.advantage.root.util.ValidationHelper.isValidDate:145
02/29/2013 : false
*     02:12:50.371 [main](      60 msec from start) [DEBUG] order_com.advantage.root.util.ValidationHelper.isValidDate:128
date to check: '2012-02-29'
*     02:12:50.372 [main](      61 msec from start) [DEBUG] order_com.advantage.root.util.ValidationHelper.isValidDate:149
2012-02-29 : true
*     02:12:50.372 [main](      61 msec from start) [DEBUG] order_com.advantage.root.util.ValidationHelper.isValidDate:128
date to check: '2013-02-29'
*     02:12:50.374 [main](      63 msec from start) [ERROR] order_com.advantage.root.util.ValidationHelper.isValidDate:145
2013-02-29 : false
*     02:12:50.377 [main](      66 msec from start) [DEBUG] order_com.advantage.root.util.ValidationHelper.isValidByRegExpPattern:117
00:00:00 match to pattern ([01]?[0-9]|2[0-3]):[0-5][0-9]:[0-5][0-9]
*     02:12:50.378 [main](      67 msec from start) [DEBUG] order_com.advantage.root.util.ValidationHelper.isValidByRegExpPattern:117
02:34:56 match to pattern ([01]?[0-9]|2[0-3]):[0-5][0-9]:[0-5][0-9]
*     02:12:50.378 [main](      67 msec from start) [DEBUG] order_com.advantage.root.util.ValidationHelper.isValidByRegExpPattern:117
12:34:56 match to pattern ([01]?[0-9]|2[0-3]):[0-5][0-9]:[0-5][0-9]
*     02:12:50.379 [main](      68 msec from start) [DEBUG] order_com.advantage.root.util.ValidationHelper.isValidByRegExpPattern:117
13:14:15 match to pattern ([01]?[0-9]|2[0-3]):[0-5][0-9]:[0-5][0-9]
*     02:12:50.379 [main](      68 msec from start) [DEBUG] order_com.advantage.root.util.ValidationHelper.isValidByRegExpPattern:117
23:59:59 match to pattern ([01]?[0-9]|2[0-3]):[0-5][0-9]:[0-5][0-9]
*     02:12:50.380 [main](      69 msec from start) [WARN ] order_com.advantage.root.util.ValidationHelper.isValidByRegExpPattern:117
23:60:59 not match to pattern ([01]?[0-9]|2[0-3]):[0-5][0-9]:[0-5][0-9]
*     02:12:50.381 [main](      70 msec from start) [WARN ] order_com.advantage.root.util.ValidationHelper.isValidByRegExpPattern:117
23:59:60 not match to pattern ([01]?[0-9]|2[0-3]):[0-5][0-9]:[0-5][0-9]
*     02:12:50.381 [main](      70 msec from start) [WARN ] order_com.advantage.root.util.ValidationHelper.isValidByRegExpPattern:117
24:59:59 not match to pattern ([01]?[0-9]|2[0-3]):[0-5][0-9]:[0-5][0-9]
*     05:36:56.349 [main](       1 msec from start) [ERROR] common_com.advantage.common.security.TokenJWT.parseToken:84
The token signed by HS512 algorithm, but must be signed with HS256 (HmacSHA256)
com.advantage.common.exceptions.token.SignatureAlgorithmException: The token signed by HS512 algorithm, but must be signed with HS256 (HmacSHA256)
	at com.advantage.common.security.TokenJWT.parseToken(TokenJWT.java:83)
	at com.advantage.common_test.online.store.util.TokenTests.testNegative256ParserToken(TokenTests.java:48)
	at sun.reflect.NativeMethodAccessorImpl.invoke0(Native Method)
	at sun.reflect.NativeMethodAccessorImpl.invoke(NativeMethodAccessorImpl.java:62)
	at sun.reflect.DelegatingMethodAccessorImpl.invoke(DelegatingMethodAccessorImpl.java:43)
	at java.lang.reflect.Method.invoke(Method.java:498)
	at org.junit.runners.model.FrameworkMethod$1.runReflectiveCall(FrameworkMethod.java:50)
	at org.junit.internal.runners.model.ReflectiveCallable.run(ReflectiveCallable.java:12)
	at org.junit.runners.model.FrameworkMethod.invokeExplosively(FrameworkMethod.java:47)
	at org.junit.internal.runners.statements.InvokeMethod.evaluate(InvokeMethod.java:17)
	at org.junit.internal.runners.statements.ExpectException.evaluate(ExpectException.java:19)
	at org.junit.runners.ParentRunner.runLeaf(ParentRunner.java:325)
	at org.junit.runners.BlockJUnit4ClassRunner.runChild(BlockJUnit4ClassRunner.java:78)
	at org.junit.runners.BlockJUnit4ClassRunner.runChild(BlockJUnit4ClassRunner.java:57)
	at org.junit.runners.ParentRunner$3.run(ParentRunner.java:290)
	at org.junit.runners.ParentRunner$1.schedule(ParentRunner.java:71)
	at org.junit.runners.ParentRunner.runChildren(ParentRunner.java:288)
	at org.junit.runners.ParentRunner.access$000(ParentRunner.java:58)
	at org.junit.runners.ParentRunner$2.evaluate(ParentRunner.java:268)
	at org.junit.runners.ParentRunner.run(ParentRunner.java:363)
	at org.apache.maven.surefire.junit4.JUnit4TestSet.execute(JUnit4TestSet.java:53)
	at org.apache.maven.surefire.junit4.JUnit4Provider.executeTestSet(JUnit4Provider.java:123)
	at org.apache.maven.surefire.junit4.JUnit4Provider.invoke(JUnit4Provider.java:104)
	at sun.reflect.NativeMethodAccessorImpl.invoke0(Native Method)
	at sun.reflect.NativeMethodAccessorImpl.invoke(NativeMethodAccessorImpl.java:62)
	at sun.reflect.DelegatingMethodAccessorImpl.invoke(DelegatingMethodAccessorImpl.java:43)
	at java.lang.reflect.Method.invoke(Method.java:498)
	at org.apache.maven.surefire.util.ReflectionUtils.invokeMethodWithArray(ReflectionUtils.java:164)
	at org.apache.maven.surefire.booter.ProviderFactory$ProviderProxy.invoke(ProviderFactory.java:110)
	at org.apache.maven.surefire.booter.SurefireStarter.invokeProvider(SurefireStarter.java:175)
	at org.apache.maven.surefire.booter.SurefireStarter.runSuitesInProcessWhenForked(SurefireStarter.java:107)
	at org.apache.maven.surefire.booter.ForkedBooter.main(ForkedBooter.java:68)
*     05:38:04.359 [main](       1 msec from start) [ERROR] common_com.advantage.common.security.TokenJWT.parseToken:84
The token signed by HS512 algorithm, but must be signed with HS256 (HmacSHA256)
com.advantage.common.exceptions.token.SignatureAlgorithmException: The token signed by HS512 algorithm, but must be signed with HS256 (HmacSHA256)
	at com.advantage.common.security.TokenJWT.parseToken(TokenJWT.java:83)
	at com.advantage.common_test.online.store.util.TokenTests.testNegative256ParserToken(TokenTests.java:48)
	at sun.reflect.NativeMethodAccessorImpl.invoke0(Native Method)
	at sun.reflect.NativeMethodAccessorImpl.invoke(NativeMethodAccessorImpl.java:62)
	at sun.reflect.DelegatingMethodAccessorImpl.invoke(DelegatingMethodAccessorImpl.java:43)
	at java.lang.reflect.Method.invoke(Method.java:498)
	at org.junit.runners.model.FrameworkMethod$1.runReflectiveCall(FrameworkMethod.java:50)
	at org.junit.internal.runners.model.ReflectiveCallable.run(ReflectiveCallable.java:12)
	at org.junit.runners.model.FrameworkMethod.invokeExplosively(FrameworkMethod.java:47)
	at org.junit.internal.runners.statements.InvokeMethod.evaluate(InvokeMethod.java:17)
	at org.junit.internal.runners.statements.ExpectException.evaluate(ExpectException.java:19)
	at org.junit.runners.ParentRunner.runLeaf(ParentRunner.java:325)
	at org.junit.runners.BlockJUnit4ClassRunner.runChild(BlockJUnit4ClassRunner.java:78)
	at org.junit.runners.BlockJUnit4ClassRunner.runChild(BlockJUnit4ClassRunner.java:57)
	at org.junit.runners.ParentRunner$3.run(ParentRunner.java:290)
	at org.junit.runners.ParentRunner$1.schedule(ParentRunner.java:71)
	at org.junit.runners.ParentRunner.runChildren(ParentRunner.java:288)
	at org.junit.runners.ParentRunner.access$000(ParentRunner.java:58)
	at org.junit.runners.ParentRunner$2.evaluate(ParentRunner.java:268)
	at org.junit.runners.ParentRunner.run(ParentRunner.java:363)
	at org.apache.maven.surefire.junit4.JUnit4TestSet.execute(JUnit4TestSet.java:53)
	at org.apache.maven.surefire.junit4.JUnit4Provider.executeTestSet(JUnit4Provider.java:123)
	at org.apache.maven.surefire.junit4.JUnit4Provider.invoke(JUnit4Provider.java:104)
	at sun.reflect.NativeMethodAccessorImpl.invoke0(Native Method)
	at sun.reflect.NativeMethodAccessorImpl.invoke(NativeMethodAccessorImpl.java:62)
	at sun.reflect.DelegatingMethodAccessorImpl.invoke(DelegatingMethodAccessorImpl.java:43)
	at java.lang.reflect.Method.invoke(Method.java:498)
	at org.apache.maven.surefire.util.ReflectionUtils.invokeMethodWithArray(ReflectionUtils.java:164)
	at org.apache.maven.surefire.booter.ProviderFactory$ProviderProxy.invoke(ProviderFactory.java:110)
	at org.apache.maven.surefire.booter.SurefireStarter.invokeProvider(SurefireStarter.java:175)
	at org.apache.maven.surefire.booter.SurefireStarter.runSuitesInProcessWhenForked(SurefireStarter.java:107)
	at org.apache.maven.surefire.booter.ForkedBooter.main(ForkedBooter.java:68)
*     05:39:11.521 [main](       0 msec from start) [WARN ] catalog_org.hibernate.mapping.RootClass.checkCompositeIdentifier:288
HHH000038: Composite-id class does not override equals(): com.advantage.catalog.store.model.product.ProductAttributeId
*     05:39:11.526 [main](       5 msec from start) [WARN ] catalog_org.hibernate.mapping.RootClass.checkCompositeIdentifier:289
HHH000039: Composite-id class does not override hashCode(): com.advantage.catalog.store.model.product.ProductAttributeId
*     05:39:12.284 [main](     763 msec from start) [ERROR] catalog_org.hibernate.tool.hbm2ddl.SchemaExport.perform:426
HHH000389: Unsuccessful: alter table ColorAttribute drop constraint FK_4lh8tvtjlay7fe917fyy18t0e
*     05:39:12.286 [main](     765 msec from start) [ERROR] catalog_org.hibernate.tool.hbm2ddl.SchemaExport.perform:427
user lacks privilege or object not found: PUBLIC.COLORATTRIBUTE
*     05:39:12.287 [main](     766 msec from start) [ERROR] catalog_org.hibernate.tool.hbm2ddl.SchemaExport.perform:426
HHH000389: Unsuccessful: alter table DEALS drop constraint FK_4jv7j0353g8hkm4vcyosbkm5a
*     05:39:12.288 [main](     767 msec from start) [ERROR] catalog_org.hibernate.tool.hbm2ddl.SchemaExport.perform:427
user lacks privilege or object not found: PUBLIC.DEALS
*     05:39:12.290 [main](     769 msec from start) [ERROR] catalog_org.hibernate.tool.hbm2ddl.SchemaExport.perform:426
HHH000389: Unsuccessful: alter table ImageAttribute drop constraint FK_q5wu95vfxew1pxed2ygy109ny
*     05:39:12.291 [main](     770 msec from start) [ERROR] catalog_org.hibernate.tool.hbm2ddl.SchemaExport.perform:427
user lacks privilege or object not found: PUBLIC.IMAGEATTRIBUTE
*     05:39:12.292 [main](     771 msec from start) [ERROR] catalog_org.hibernate.tool.hbm2ddl.SchemaExport.perform:426
HHH000389: Unsuccessful: alter table PRODUCT drop constraint FK_6oweamgjibmex1v06bgk59asd
*     05:39:12.293 [main](     772 msec from start) [ERROR] catalog_org.hibernate.tool.hbm2ddl.SchemaExport.perform:427
user lacks privilege or object not found: PUBLIC.PRODUCT
*     05:39:12.295 [main](     774 msec from start) [ERROR] catalog_org.hibernate.tool.hbm2ddl.SchemaExport.perform:426
HHH000389: Unsuccessful: alter table PRODUCT_ATTRIBUTES drop constraint FK_jbumqcl8sam9w1clh3cdm2s38
*     05:39:12.296 [main](     775 msec from start) [ERROR] catalog_org.hibernate.tool.hbm2ddl.SchemaExport.perform:427
user lacks privilege or object not found: PUBLIC.PRODUCT_ATTRIBUTES
*     05:39:12.297 [main](     776 msec from start) [ERROR] catalog_org.hibernate.tool.hbm2ddl.SchemaExport.perform:426
HHH000389: Unsuccessful: alter table PRODUCT_ATTRIBUTES drop constraint FK_6rqlij3051my7v5491rx2q90a
*     05:39:12.299 [main](     778 msec from start) [ERROR] catalog_org.hibernate.tool.hbm2ddl.SchemaExport.perform:427
user lacks privilege or object not found: PUBLIC.PRODUCT_ATTRIBUTES
*     05:39:14.702 [main](    3181 msec from start) [DEBUG] catalog_com.advantage.root.util.ValidationHelper.isValidByRegExpPattern:117
a@b.com match to pattern ^[_A-Za-z0-9-\+]+(\.[_A-Za-z0-9-]+)*@[A-Za-z0-9-]+(\.[A-Za-z0-9]+)*(\.[A-Za-z]{2,})$
*     05:39:14.704 [main](    3183 msec from start) [WARN ] catalog_com.advantage.root.util.ValidationHelper.isValidByRegExpPattern:117
a#d@b.com not match to pattern ^[_A-Za-z0-9-\+]+(\.[_A-Za-z0-9-]+)*@[A-Za-z0-9-]+(\.[A-Za-z0-9]+)*(\.[A-Za-z]{2,})$
*     05:39:14.707 [main](    3186 msec from start) [DEBUG] catalog_com.advantage.root.util.ValidationHelper.isValidByRegExpPattern:117
a@b.com match to pattern ^[_A-Za-z0-9-\+]+(\.[_A-Za-z0-9-]+)*@[A-Za-z0-9-]+(\.[A-Za-z0-9]+)*(\.[A-Za-z]{2,})$
*     05:39:14.707 [main](    3186 msec from start) [WARN ] catalog_com.advantage.root.util.ValidationHelper.isValidByRegExpPattern:117
a#d@b.com not match to pattern ^[_A-Za-z0-9-\+]+(\.[_A-Za-z0-9-]+)*@[A-Za-z0-9-]+(\.[A-Za-z0-9]+)*(\.[A-Za-z]{2,})$
*     05:39:14.709 [main](    3188 msec from start) [DEBUG] catalog_com.advantage.root.util.ValidationHelper.isValidByRegExpPattern:117
a@b.com match to pattern ^[_A-Za-z0-9-\+]+(\.[_A-Za-z0-9-]+)*@[A-Za-z0-9-]+(\.[A-Za-z0-9]+)*(\.[A-Za-z]{2,})$
*     05:39:14.710 [main](    3189 msec from start) [WARN ] catalog_com.advantage.root.util.ValidationHelper.isValidByRegExpPattern:117
a#d@b.com not match to pattern ^[_A-Za-z0-9-\+]+(\.[_A-Za-z0-9-]+)*@[A-Za-z0-9-]+(\.[A-Za-z0-9]+)*(\.[A-Za-z]{2,})$
*     05:39:24.519 [main](       0 msec from start) [DEBUG] order_com.advantage.root.util.ValidationHelper.isValidByRegExpPattern:117
054 123 4567 match to pattern ((\+([1-9]{1}[0-9]{0,3}))?[-.\s]?)\(?([0-9]{1,3})\)?[-.\s]?([0-9]{3})[-.\s]?([0-9]{4})$
*     05:39:24.524 [main](       5 msec from start) [DEBUG] order_com.advantage.root.util.ValidationHelper.isValidByRegExpPattern:117
(054) 1234567 match to pattern ((\+([1-9]{1}[0-9]{0,3}))?[-.\s]?)\(?([0-9]{1,3})\)?[-.\s]?([0-9]{3})[-.\s]?([0-9]{4})$
*     05:39:24.553 [main](      34 msec from start) [DEBUG] order_com.advantage.root.util.ValidationHelper.isValidByRegExpPattern:117
(054) 123 4567 match to pattern ((\+([1-9]{1}[0-9]{0,3}))?[-.\s]?)\(?([0-9]{1,3})\)?[-.\s]?([0-9]{3})[-.\s]?([0-9]{4})$
*     05:39:24.554 [main](      35 msec from start) [DEBUG] order_com.advantage.root.util.ValidationHelper.isValidByRegExpPattern:117
+1 123 456 7890 match to pattern ((\+([1-9]{1}[0-9]{0,3}))?[-.\s]?)\(?([0-9]{1,3})\)?[-.\s]?([0-9]{3})[-.\s]?([0-9]{4})$
*     05:39:24.554 [main](      35 msec from start) [DEBUG] order_com.advantage.root.util.ValidationHelper.isValidByRegExpPattern:117
+972 54 123 4567 match to pattern ((\+([1-9]{1}[0-9]{0,3}))?[-.\s]?)\(?([0-9]{1,3})\)?[-.\s]?([0-9]{3})[-.\s]?([0-9]{4})$
*     05:39:24.555 [main](      36 msec from start) [DEBUG] order_com.advantage.root.util.ValidationHelper.isValidByRegExpPattern:117
+972 54 1234567 match to pattern ((\+([1-9]{1}[0-9]{0,3}))?[-.\s]?)\(?([0-9]{1,3})\)?[-.\s]?([0-9]{3})[-.\s]?([0-9]{4})$
*     05:39:24.556 [main](      37 msec from start) [DEBUG] order_com.advantage.root.util.ValidationHelper.isValidByRegExpPattern:117
+44 123 4567890 match to pattern ((\+([1-9]{1}[0-9]{0,3}))?[-.\s]?)\(?([0-9]{1,3})\)?[-.\s]?([0-9]{3})[-.\s]?([0-9]{4})$
*     05:39:24.556 [main](      37 msec from start) [DEBUG] order_com.advantage.root.util.ValidationHelper.isValidByRegExpPattern:117
+44 1234567890 match to pattern ((\+([1-9]{1}[0-9]{0,3}))?[-.\s]?)\(?([0-9]{1,3})\)?[-.\s]?([0-9]{3})[-.\s]?([0-9]{4})$
*     05:39:24.557 [main](      38 msec from start) [DEBUG] order_com.advantage.root.util.ValidationHelper.isValidByRegExpPattern:117
+441234567890 match to pattern ((\+([1-9]{1}[0-9]{0,3}))?[-.\s]?)\(?([0-9]{1,3})\)?[-.\s]?([0-9]{3})[-.\s]?([0-9]{4})$
*     05:39:24.558 [main](      39 msec from start) [WARN ] order_com.advantage.root.util.ValidationHelper.isValidByRegExpPattern:117
441234567890 not match to pattern ((\+([1-9]{1}[0-9]{0,3}))?[-.\s]?)\(?([0-9]{1,3})\)?[-.\s]?([0-9]{3})[-.\s]?([0-9]{4})$
*     05:39:24.561 [main](      42 msec from start) [DEBUG] order_com.advantage.root.util.ValidationHelper.isValidByRegExpPattern:117
davidK7 match to pattern ((?=.*\d)(?=.*[a-z])(?=.*[A-Z]).{4,12})
*     05:39:24.562 [main](      43 msec from start) [DEBUG] order_com.advantage.root.util.ValidationHelper.isValidByRegExpPattern:117
King7david match to pattern ((?=.*\d)(?=.*[a-z])(?=.*[A-Z]).{4,12})
*     05:39:24.563 [main](      44 msec from start) [WARN ] order_com.advantage.root.util.ValidationHelper.isValidByRegExpPattern:117
Kd5 not match to pattern ((?=.*\d)(?=.*[a-z])(?=.*[A-Z]).{4,12})
*     05:39:24.563 [main](      44 msec from start) [WARN ] order_com.advantage.root.util.ValidationHelper.isValidByRegExpPattern:117
kingdavid not match to pattern ((?=.*\d)(?=.*[a-z])(?=.*[A-Z]).{4,12})
*     05:39:24.564 [main](      45 msec from start) [WARN ] order_com.advantage.root.util.ValidationHelper.isValidByRegExpPattern:117
Kingdavid not match to pattern ((?=.*\d)(?=.*[a-z])(?=.*[A-Z]).{4,12})
*     05:39:24.565 [main](      46 msec from start) [WARN ] order_com.advantage.root.util.ValidationHelper.isValidByRegExpPattern:117
KingSolomon123 not match to pattern ((?=.*\d)(?=.*[a-z])(?=.*[A-Z]).{4,12})
*     05:39:24.568 [main](      49 msec from start) [DEBUG] order_com.advantage.root.util.ValidationHelper.isValidByRegExpPattern:117
a@b.com match to pattern ^[_A-Za-z0-9-\+]+(\.[_A-Za-z0-9-]+)*@[A-Za-z0-9-]+(\.[A-Za-z0-9]+)*(\.[A-Za-z]{2,})$
*     05:39:24.584 [main](      65 msec from start) [DEBUG] order_com.advantage.root.util.ValidationHelper.isValidByRegExpPattern:117
user2015@hpe.com match to pattern ^[_A-Za-z0-9-\+]+(\.[_A-Za-z0-9-]+)*@[A-Za-z0-9-]+(\.[A-Za-z0-9]+)*(\.[A-Za-z]{2,})$
*     05:39:24.584 [main](      65 msec from start) [DEBUG] order_com.advantage.root.util.ValidationHelper.isValidByRegExpPattern:117
pmoi@gov.il match to pattern ^[_A-Za-z0-9-\+]+(\.[_A-Za-z0-9-]+)*@[A-Za-z0-9-]+(\.[A-Za-z0-9]+)*(\.[A-Za-z]{2,})$
*     05:39:24.585 [main](      66 msec from start) [DEBUG] order_com.advantage.root.util.ValidationHelper.isValidByRegExpPattern:117
user_2015@java.org.il match to pattern ^[_A-Za-z0-9-\+]+(\.[_A-Za-z0-9-]+)*@[A-Za-z0-9-]+(\.[A-Za-z0-9]+)*(\.[A-Za-z]{2,})$
*     05:39:24.586 [main](      67 msec from start) [WARN ] order_com.advantage.root.util.ValidationHelper.isValidByRegExpPattern:117
pmoi#@gov.il not match to pattern ^[_A-Za-z0-9-\+]+(\.[_A-Za-z0-9-]+)*@[A-Za-z0-9-]+(\.[A-Za-z0-9]+)*(\.[A-Za-z]{2,})$
*     05:39:24.594 [main](      75 msec from start) [WARN ] order_com.advantage.root.util.ValidationHelper.isValidByRegExpPattern:117
pmoi#gov.il not match to pattern ^[_A-Za-z0-9-\+]+(\.[_A-Za-z0-9-]+)*@[A-Za-z0-9-]+(\.[A-Za-z0-9]+)*(\.[A-Za-z]{2,})$
*     05:39:24.599 [main](      80 msec from start) [WARN ] order_com.advantage.root.util.ValidationHelper.isValidByRegExpPattern:117
pmoi@.com not match to pattern ^[_A-Za-z0-9-\+]+(\.[_A-Za-z0-9-]+)*@[A-Za-z0-9-]+(\.[A-Za-z0-9]+)*(\.[A-Za-z]{2,})$
*     05:39:24.601 [main](      82 msec from start) [DEBUG] order_com.advantage.root.util.ValidationHelper.isValidByRegExpPattern:117
user2015 match to pattern ^[A-Za-z0-9_.-]{3,15}$
*     05:39:24.602 [main](      83 msec from start) [DEBUG] order_com.advantage.root.util.ValidationHelper.isValidByRegExpPattern:117
kingdavid match to pattern ^[A-Za-z0-9_.-]{3,15}$
*     05:39:24.603 [main](      84 msec from start) [DEBUG] order_com.advantage.root.util.ValidationHelper.isValidByRegExpPattern:117
king.david match to pattern ^[A-Za-z0-9_.-]{3,15}$
*     05:39:24.603 [main](      84 msec from start) [DEBUG] order_com.advantage.root.util.ValidationHelper.isValidByRegExpPattern:117
king.solomon match to pattern ^[A-Za-z0-9_.-]{3,15}$
*     05:39:24.612 [main](      93 msec from start) [WARN ] order_com.advantage.root.util.ValidationHelper.isValidByRegExpPattern:117
kd not match to pattern ^[A-Za-z0-9_.-]{3,15}$
*     05:39:24.612 [main](      93 msec from start) [WARN ] order_com.advantage.root.util.ValidationHelper.isValidByRegExpPattern:117
inspector.gadget not match to pattern ^[A-Za-z0-9_.-]{3,15}$
*     05:39:24.615 [main](      96 msec from start) [DEBUG] order_com.advantage.root.util.ValidationHelper.isValidDate:128
date to check: '29.02.2012'
*     05:39:24.616 [main](      97 msec from start) [DEBUG] order_com.advantage.root.util.ValidationHelper.isValidDate:149
29.02.2012 : true
*     05:39:24.616 [main](      97 msec from start) [DEBUG] order_com.advantage.root.util.ValidationHelper.isValidDate:128
date to check: '29.02.2013'
*     05:39:24.617 [main](      98 msec from start) [ERROR] order_com.advantage.root.util.ValidationHelper.isValidDate:145
29.02.2013 : false
*     05:39:24.618 [main](      99 msec from start) [DEBUG] order_com.advantage.root.util.ValidationHelper.isValidDate:128
date to check: '02/29/2012'
*     05:39:24.621 [main](     102 msec from start) [DEBUG] order_com.advantage.root.util.ValidationHelper.isValidDate:149
02/29/2012 : true
*     05:39:24.674 [main](     155 msec from start) [DEBUG] order_com.advantage.root.util.ValidationHelper.isValidDate:128
date to check: '02/29/2013'
*     05:39:24.676 [main](     157 msec from start) [ERROR] order_com.advantage.root.util.ValidationHelper.isValidDate:145
02/29/2013 : false
*     05:39:24.676 [main](     157 msec from start) [DEBUG] order_com.advantage.root.util.ValidationHelper.isValidDate:128
date to check: '2012-02-29'
*     05:39:24.678 [main](     159 msec from start) [DEBUG] order_com.advantage.root.util.ValidationHelper.isValidDate:149
2012-02-29 : true
*     05:39:24.678 [main](     159 msec from start) [DEBUG] order_com.advantage.root.util.ValidationHelper.isValidDate:128
date to check: '2013-02-29'
*     05:39:24.679 [main](     160 msec from start) [ERROR] order_com.advantage.root.util.ValidationHelper.isValidDate:145
2013-02-29 : false
*     05:39:24.682 [main](     163 msec from start) [DEBUG] order_com.advantage.root.util.ValidationHelper.isValidByRegExpPattern:117
00:00:00 match to pattern ([01]?[0-9]|2[0-3]):[0-5][0-9]:[0-5][0-9]
*     05:39:24.682 [main](     163 msec from start) [DEBUG] order_com.advantage.root.util.ValidationHelper.isValidByRegExpPattern:117
02:34:56 match to pattern ([01]?[0-9]|2[0-3]):[0-5][0-9]:[0-5][0-9]
*     05:39:24.683 [main](     164 msec from start) [DEBUG] order_com.advantage.root.util.ValidationHelper.isValidByRegExpPattern:117
12:34:56 match to pattern ([01]?[0-9]|2[0-3]):[0-5][0-9]:[0-5][0-9]
*     05:39:24.683 [main](     164 msec from start) [DEBUG] order_com.advantage.root.util.ValidationHelper.isValidByRegExpPattern:117
13:14:15 match to pattern ([01]?[0-9]|2[0-3]):[0-5][0-9]:[0-5][0-9]
*     05:39:24.683 [main](     164 msec from start) [DEBUG] order_com.advantage.root.util.ValidationHelper.isValidByRegExpPattern:117
23:59:59 match to pattern ([01]?[0-9]|2[0-3]):[0-5][0-9]:[0-5][0-9]
*     05:39:24.683 [main](     164 msec from start) [WARN ] order_com.advantage.root.util.ValidationHelper.isValidByRegExpPattern:117
23:60:59 not match to pattern ([01]?[0-9]|2[0-3]):[0-5][0-9]:[0-5][0-9]
*     05:39:24.683 [main](     164 msec from start) [WARN ] order_com.advantage.root.util.ValidationHelper.isValidByRegExpPattern:117
23:59:60 not match to pattern ([01]?[0-9]|2[0-3]):[0-5][0-9]:[0-5][0-9]
*     05:39:24.684 [main](     165 msec from start) [WARN ] order_com.advantage.root.util.ValidationHelper.isValidByRegExpPattern:117
24:59:59 not match to pattern ([01]?[0-9]|2[0-3]):[0-5][0-9]:[0-5][0-9]
*     05:58:23.827 [main](       1 msec from start) [ERROR] common_com.advantage.common.security.TokenJWT.parseToken:84
The token signed by HS512 algorithm, but must be signed with HS256 (HmacSHA256)
com.advantage.common.exceptions.token.SignatureAlgorithmException: The token signed by HS512 algorithm, but must be signed with HS256 (HmacSHA256)
	at com.advantage.common.security.TokenJWT.parseToken(TokenJWT.java:83)
	at com.advantage.common_test.online.store.util.TokenTests.testNegative256ParserToken(TokenTests.java:48)
	at sun.reflect.NativeMethodAccessorImpl.invoke0(Native Method)
	at sun.reflect.NativeMethodAccessorImpl.invoke(NativeMethodAccessorImpl.java:62)
	at sun.reflect.DelegatingMethodAccessorImpl.invoke(DelegatingMethodAccessorImpl.java:43)
	at java.lang.reflect.Method.invoke(Method.java:498)
	at org.junit.runners.model.FrameworkMethod$1.runReflectiveCall(FrameworkMethod.java:50)
	at org.junit.internal.runners.model.ReflectiveCallable.run(ReflectiveCallable.java:12)
	at org.junit.runners.model.FrameworkMethod.invokeExplosively(FrameworkMethod.java:47)
	at org.junit.internal.runners.statements.InvokeMethod.evaluate(InvokeMethod.java:17)
	at org.junit.internal.runners.statements.ExpectException.evaluate(ExpectException.java:19)
	at org.junit.runners.ParentRunner.runLeaf(ParentRunner.java:325)
	at org.junit.runners.BlockJUnit4ClassRunner.runChild(BlockJUnit4ClassRunner.java:78)
	at org.junit.runners.BlockJUnit4ClassRunner.runChild(BlockJUnit4ClassRunner.java:57)
	at org.junit.runners.ParentRunner$3.run(ParentRunner.java:290)
	at org.junit.runners.ParentRunner$1.schedule(ParentRunner.java:71)
	at org.junit.runners.ParentRunner.runChildren(ParentRunner.java:288)
	at org.junit.runners.ParentRunner.access$000(ParentRunner.java:58)
	at org.junit.runners.ParentRunner$2.evaluate(ParentRunner.java:268)
	at org.junit.runners.ParentRunner.run(ParentRunner.java:363)
	at org.apache.maven.surefire.junit4.JUnit4TestSet.execute(JUnit4TestSet.java:53)
	at org.apache.maven.surefire.junit4.JUnit4Provider.executeTestSet(JUnit4Provider.java:123)
	at org.apache.maven.surefire.junit4.JUnit4Provider.invoke(JUnit4Provider.java:104)
	at sun.reflect.NativeMethodAccessorImpl.invoke0(Native Method)
	at sun.reflect.NativeMethodAccessorImpl.invoke(NativeMethodAccessorImpl.java:62)
	at sun.reflect.DelegatingMethodAccessorImpl.invoke(DelegatingMethodAccessorImpl.java:43)
	at java.lang.reflect.Method.invoke(Method.java:498)
	at org.apache.maven.surefire.util.ReflectionUtils.invokeMethodWithArray(ReflectionUtils.java:164)
	at org.apache.maven.surefire.booter.ProviderFactory$ProviderProxy.invoke(ProviderFactory.java:110)
	at org.apache.maven.surefire.booter.SurefireStarter.invokeProvider(SurefireStarter.java:175)
	at org.apache.maven.surefire.booter.SurefireStarter.runSuitesInProcessWhenForked(SurefireStarter.java:107)
	at org.apache.maven.surefire.booter.ForkedBooter.main(ForkedBooter.java:68)
*     05:59:30.401 [main](       0 msec from start) [WARN ] catalog_org.hibernate.mapping.RootClass.checkCompositeIdentifier:288
HHH000038: Composite-id class does not override equals(): com.advantage.catalog.store.model.product.ProductAttributeId
*     05:59:30.406 [main](       5 msec from start) [WARN ] catalog_org.hibernate.mapping.RootClass.checkCompositeIdentifier:289
HHH000039: Composite-id class does not override hashCode(): com.advantage.catalog.store.model.product.ProductAttributeId
*     05:59:31.163 [main](     762 msec from start) [ERROR] catalog_org.hibernate.tool.hbm2ddl.SchemaExport.perform:426
HHH000389: Unsuccessful: alter table ColorAttribute drop constraint FK_4lh8tvtjlay7fe917fyy18t0e
*     05:59:31.165 [main](     764 msec from start) [ERROR] catalog_org.hibernate.tool.hbm2ddl.SchemaExport.perform:427
user lacks privilege or object not found: PUBLIC.COLORATTRIBUTE
*     05:59:31.167 [main](     766 msec from start) [ERROR] catalog_org.hibernate.tool.hbm2ddl.SchemaExport.perform:426
HHH000389: Unsuccessful: alter table DEALS drop constraint FK_4jv7j0353g8hkm4vcyosbkm5a
*     05:59:31.173 [main](     772 msec from start) [ERROR] catalog_org.hibernate.tool.hbm2ddl.SchemaExport.perform:427
user lacks privilege or object not found: PUBLIC.DEALS
*     05:59:31.174 [main](     773 msec from start) [ERROR] catalog_org.hibernate.tool.hbm2ddl.SchemaExport.perform:426
HHH000389: Unsuccessful: alter table ImageAttribute drop constraint FK_q5wu95vfxew1pxed2ygy109ny
*     05:59:31.174 [main](     773 msec from start) [ERROR] catalog_org.hibernate.tool.hbm2ddl.SchemaExport.perform:427
user lacks privilege or object not found: PUBLIC.IMAGEATTRIBUTE
*     05:59:31.175 [main](     774 msec from start) [ERROR] catalog_org.hibernate.tool.hbm2ddl.SchemaExport.perform:426
HHH000389: Unsuccessful: alter table PRODUCT drop constraint FK_6oweamgjibmex1v06bgk59asd
*     05:59:31.176 [main](     775 msec from start) [ERROR] catalog_org.hibernate.tool.hbm2ddl.SchemaExport.perform:427
user lacks privilege or object not found: PUBLIC.PRODUCT
*     05:59:31.177 [main](     776 msec from start) [ERROR] catalog_org.hibernate.tool.hbm2ddl.SchemaExport.perform:426
HHH000389: Unsuccessful: alter table PRODUCT_ATTRIBUTES drop constraint FK_jbumqcl8sam9w1clh3cdm2s38
*     05:59:31.177 [main](     776 msec from start) [ERROR] catalog_org.hibernate.tool.hbm2ddl.SchemaExport.perform:427
user lacks privilege or object not found: PUBLIC.PRODUCT_ATTRIBUTES
*     05:59:31.178 [main](     777 msec from start) [ERROR] catalog_org.hibernate.tool.hbm2ddl.SchemaExport.perform:426
HHH000389: Unsuccessful: alter table PRODUCT_ATTRIBUTES drop constraint FK_6rqlij3051my7v5491rx2q90a
*     05:59:31.179 [main](     778 msec from start) [ERROR] catalog_org.hibernate.tool.hbm2ddl.SchemaExport.perform:427
user lacks privilege or object not found: PUBLIC.PRODUCT_ATTRIBUTES
*     05:59:33.684 [main](    3283 msec from start) [DEBUG] catalog_com.advantage.root.util.ValidationHelper.isValidByRegExpPattern:117
a@b.com match to pattern ^[_A-Za-z0-9-\+]+(\.[_A-Za-z0-9-]+)*@[A-Za-z0-9-]+(\.[A-Za-z0-9]+)*(\.[A-Za-z]{2,})$
*     05:59:33.686 [main](    3285 msec from start) [WARN ] catalog_com.advantage.root.util.ValidationHelper.isValidByRegExpPattern:117
a#d@b.com not match to pattern ^[_A-Za-z0-9-\+]+(\.[_A-Za-z0-9-]+)*@[A-Za-z0-9-]+(\.[A-Za-z0-9]+)*(\.[A-Za-z]{2,})$
*     05:59:33.688 [main](    3287 msec from start) [DEBUG] catalog_com.advantage.root.util.ValidationHelper.isValidByRegExpPattern:117
a@b.com match to pattern ^[_A-Za-z0-9-\+]+(\.[_A-Za-z0-9-]+)*@[A-Za-z0-9-]+(\.[A-Za-z0-9]+)*(\.[A-Za-z]{2,})$
*     05:59:33.689 [main](    3288 msec from start) [WARN ] catalog_com.advantage.root.util.ValidationHelper.isValidByRegExpPattern:117
a#d@b.com not match to pattern ^[_A-Za-z0-9-\+]+(\.[_A-Za-z0-9-]+)*@[A-Za-z0-9-]+(\.[A-Za-z0-9]+)*(\.[A-Za-z]{2,})$
*     05:59:33.691 [main](    3290 msec from start) [DEBUG] catalog_com.advantage.root.util.ValidationHelper.isValidByRegExpPattern:117
a@b.com match to pattern ^[_A-Za-z0-9-\+]+(\.[_A-Za-z0-9-]+)*@[A-Za-z0-9-]+(\.[A-Za-z0-9]+)*(\.[A-Za-z]{2,})$
*     05:59:33.691 [main](    3290 msec from start) [WARN ] catalog_com.advantage.root.util.ValidationHelper.isValidByRegExpPattern:117
a#d@b.com not match to pattern ^[_A-Za-z0-9-\+]+(\.[_A-Za-z0-9-]+)*@[A-Za-z0-9-]+(\.[A-Za-z0-9]+)*(\.[A-Za-z]{2,})$
*     05:59:43.625 [main](       0 msec from start) [DEBUG] order_com.advantage.root.util.ValidationHelper.isValidByRegExpPattern:117
054 123 4567 match to pattern ((\+([1-9]{1}[0-9]{0,3}))?[-.\s]?)\(?([0-9]{1,3})\)?[-.\s]?([0-9]{3})[-.\s]?([0-9]{4})$
*     05:59:43.630 [main](       5 msec from start) [DEBUG] order_com.advantage.root.util.ValidationHelper.isValidByRegExpPattern:117
(054) 1234567 match to pattern ((\+([1-9]{1}[0-9]{0,3}))?[-.\s]?)\(?([0-9]{1,3})\)?[-.\s]?([0-9]{3})[-.\s]?([0-9]{4})$
*     05:59:43.630 [main](       5 msec from start) [DEBUG] order_com.advantage.root.util.ValidationHelper.isValidByRegExpPattern:117
(054) 123 4567 match to pattern ((\+([1-9]{1}[0-9]{0,3}))?[-.\s]?)\(?([0-9]{1,3})\)?[-.\s]?([0-9]{3})[-.\s]?([0-9]{4})$
*     05:59:43.631 [main](       6 msec from start) [DEBUG] order_com.advantage.root.util.ValidationHelper.isValidByRegExpPattern:117
+1 123 456 7890 match to pattern ((\+([1-9]{1}[0-9]{0,3}))?[-.\s]?)\(?([0-9]{1,3})\)?[-.\s]?([0-9]{3})[-.\s]?([0-9]{4})$
*     05:59:43.632 [main](       7 msec from start) [DEBUG] order_com.advantage.root.util.ValidationHelper.isValidByRegExpPattern:117
+972 54 123 4567 match to pattern ((\+([1-9]{1}[0-9]{0,3}))?[-.\s]?)\(?([0-9]{1,3})\)?[-.\s]?([0-9]{3})[-.\s]?([0-9]{4})$
*     05:59:43.632 [main](       7 msec from start) [DEBUG] order_com.advantage.root.util.ValidationHelper.isValidByRegExpPattern:117
+972 54 1234567 match to pattern ((\+([1-9]{1}[0-9]{0,3}))?[-.\s]?)\(?([0-9]{1,3})\)?[-.\s]?([0-9]{3})[-.\s]?([0-9]{4})$
*     05:59:43.633 [main](       8 msec from start) [DEBUG] order_com.advantage.root.util.ValidationHelper.isValidByRegExpPattern:117
+44 123 4567890 match to pattern ((\+([1-9]{1}[0-9]{0,3}))?[-.\s]?)\(?([0-9]{1,3})\)?[-.\s]?([0-9]{3})[-.\s]?([0-9]{4})$
*     05:59:43.634 [main](       9 msec from start) [DEBUG] order_com.advantage.root.util.ValidationHelper.isValidByRegExpPattern:117
+44 1234567890 match to pattern ((\+([1-9]{1}[0-9]{0,3}))?[-.\s]?)\(?([0-9]{1,3})\)?[-.\s]?([0-9]{3})[-.\s]?([0-9]{4})$
*     05:59:43.635 [main](      10 msec from start) [DEBUG] order_com.advantage.root.util.ValidationHelper.isValidByRegExpPattern:117
+441234567890 match to pattern ((\+([1-9]{1}[0-9]{0,3}))?[-.\s]?)\(?([0-9]{1,3})\)?[-.\s]?([0-9]{3})[-.\s]?([0-9]{4})$
*     05:59:43.635 [main](      10 msec from start) [WARN ] order_com.advantage.root.util.ValidationHelper.isValidByRegExpPattern:117
441234567890 not match to pattern ((\+([1-9]{1}[0-9]{0,3}))?[-.\s]?)\(?([0-9]{1,3})\)?[-.\s]?([0-9]{3})[-.\s]?([0-9]{4})$
*     05:59:43.636 [main](      11 msec from start) [DEBUG] order_com.advantage.root.util.ValidationHelper.isValidByRegExpPattern:117
davidK7 match to pattern ((?=.*\d)(?=.*[a-z])(?=.*[A-Z]).{4,12})
*     05:59:43.641 [main](      16 msec from start) [DEBUG] order_com.advantage.root.util.ValidationHelper.isValidByRegExpPattern:117
King7david match to pattern ((?=.*\d)(?=.*[a-z])(?=.*[A-Z]).{4,12})
*     05:59:43.642 [main](      17 msec from start) [WARN ] order_com.advantage.root.util.ValidationHelper.isValidByRegExpPattern:117
Kd5 not match to pattern ((?=.*\d)(?=.*[a-z])(?=.*[A-Z]).{4,12})
*     05:59:43.642 [main](      17 msec from start) [WARN ] order_com.advantage.root.util.ValidationHelper.isValidByRegExpPattern:117
kingdavid not match to pattern ((?=.*\d)(?=.*[a-z])(?=.*[A-Z]).{4,12})
*     05:59:43.643 [main](      18 msec from start) [WARN ] order_com.advantage.root.util.ValidationHelper.isValidByRegExpPattern:117
Kingdavid not match to pattern ((?=.*\d)(?=.*[a-z])(?=.*[A-Z]).{4,12})
*     05:59:43.643 [main](      18 msec from start) [WARN ] order_com.advantage.root.util.ValidationHelper.isValidByRegExpPattern:117
KingSolomon123 not match to pattern ((?=.*\d)(?=.*[a-z])(?=.*[A-Z]).{4,12})
*     05:59:43.647 [main](      22 msec from start) [DEBUG] order_com.advantage.root.util.ValidationHelper.isValidByRegExpPattern:117
a@b.com match to pattern ^[_A-Za-z0-9-\+]+(\.[_A-Za-z0-9-]+)*@[A-Za-z0-9-]+(\.[A-Za-z0-9]+)*(\.[A-Za-z]{2,})$
*     05:59:43.647 [main](      22 msec from start) [DEBUG] order_com.advantage.root.util.ValidationHelper.isValidByRegExpPattern:117
user2015@hpe.com match to pattern ^[_A-Za-z0-9-\+]+(\.[_A-Za-z0-9-]+)*@[A-Za-z0-9-]+(\.[A-Za-z0-9]+)*(\.[A-Za-z]{2,})$
*     05:59:43.648 [main](      23 msec from start) [DEBUG] order_com.advantage.root.util.ValidationHelper.isValidByRegExpPattern:117
pmoi@gov.il match to pattern ^[_A-Za-z0-9-\+]+(\.[_A-Za-z0-9-]+)*@[A-Za-z0-9-]+(\.[A-Za-z0-9]+)*(\.[A-Za-z]{2,})$
*     05:59:43.649 [main](      24 msec from start) [DEBUG] order_com.advantage.root.util.ValidationHelper.isValidByRegExpPattern:117
user_2015@java.org.il match to pattern ^[_A-Za-z0-9-\+]+(\.[_A-Za-z0-9-]+)*@[A-Za-z0-9-]+(\.[A-Za-z0-9]+)*(\.[A-Za-z]{2,})$
*     05:59:43.649 [main](      24 msec from start) [WARN ] order_com.advantage.root.util.ValidationHelper.isValidByRegExpPattern:117
pmoi#@gov.il not match to pattern ^[_A-Za-z0-9-\+]+(\.[_A-Za-z0-9-]+)*@[A-Za-z0-9-]+(\.[A-Za-z0-9]+)*(\.[A-Za-z]{2,})$
*     05:59:43.650 [main](      25 msec from start) [WARN ] order_com.advantage.root.util.ValidationHelper.isValidByRegExpPattern:117
pmoi#gov.il not match to pattern ^[_A-Za-z0-9-\+]+(\.[_A-Za-z0-9-]+)*@[A-Za-z0-9-]+(\.[A-Za-z0-9]+)*(\.[A-Za-z]{2,})$
*     05:59:43.650 [main](      25 msec from start) [WARN ] order_com.advantage.root.util.ValidationHelper.isValidByRegExpPattern:117
pmoi@.com not match to pattern ^[_A-Za-z0-9-\+]+(\.[_A-Za-z0-9-]+)*@[A-Za-z0-9-]+(\.[A-Za-z0-9]+)*(\.[A-Za-z]{2,})$
*     05:59:43.652 [main](      27 msec from start) [DEBUG] order_com.advantage.root.util.ValidationHelper.isValidByRegExpPattern:117
user2015 match to pattern ^[A-Za-z0-9_.-]{3,15}$
*     05:59:43.653 [main](      28 msec from start) [DEBUG] order_com.advantage.root.util.ValidationHelper.isValidByRegExpPattern:117
kingdavid match to pattern ^[A-Za-z0-9_.-]{3,15}$
*     05:59:43.653 [main](      28 msec from start) [DEBUG] order_com.advantage.root.util.ValidationHelper.isValidByRegExpPattern:117
king.david match to pattern ^[A-Za-z0-9_.-]{3,15}$
*     05:59:43.654 [main](      29 msec from start) [DEBUG] order_com.advantage.root.util.ValidationHelper.isValidByRegExpPattern:117
king.solomon match to pattern ^[A-Za-z0-9_.-]{3,15}$
*     05:59:43.657 [main](      32 msec from start) [WARN ] order_com.advantage.root.util.ValidationHelper.isValidByRegExpPattern:117
kd not match to pattern ^[A-Za-z0-9_.-]{3,15}$
*     05:59:43.658 [main](      33 msec from start) [WARN ] order_com.advantage.root.util.ValidationHelper.isValidByRegExpPattern:117
inspector.gadget not match to pattern ^[A-Za-z0-9_.-]{3,15}$
*     05:59:43.659 [main](      34 msec from start) [DEBUG] order_com.advantage.root.util.ValidationHelper.isValidDate:128
date to check: '29.02.2012'
*     05:59:43.660 [main](      35 msec from start) [DEBUG] order_com.advantage.root.util.ValidationHelper.isValidDate:149
29.02.2012 : true
*     05:59:43.661 [main](      36 msec from start) [DEBUG] order_com.advantage.root.util.ValidationHelper.isValidDate:128
date to check: '29.02.2013'
*     05:59:43.662 [main](      37 msec from start) [ERROR] order_com.advantage.root.util.ValidationHelper.isValidDate:145
29.02.2013 : false
*     05:59:43.662 [main](      37 msec from start) [DEBUG] order_com.advantage.root.util.ValidationHelper.isValidDate:128
date to check: '02/29/2012'
*     05:59:43.663 [main](      38 msec from start) [DEBUG] order_com.advantage.root.util.ValidationHelper.isValidDate:149
02/29/2012 : true
*     05:59:43.664 [main](      39 msec from start) [DEBUG] order_com.advantage.root.util.ValidationHelper.isValidDate:128
date to check: '02/29/2013'
*     05:59:43.664 [main](      39 msec from start) [ERROR] order_com.advantage.root.util.ValidationHelper.isValidDate:145
02/29/2013 : false
*     05:59:43.665 [main](      40 msec from start) [DEBUG] order_com.advantage.root.util.ValidationHelper.isValidDate:128
date to check: '2012-02-29'
*     05:59:43.665 [main](      40 msec from start) [DEBUG] order_com.advantage.root.util.ValidationHelper.isValidDate:149
2012-02-29 : true
*     05:59:43.666 [main](      41 msec from start) [DEBUG] order_com.advantage.root.util.ValidationHelper.isValidDate:128
date to check: '2013-02-29'
*     05:59:43.667 [main](      42 msec from start) [ERROR] order_com.advantage.root.util.ValidationHelper.isValidDate:145
2013-02-29 : false
*     05:59:43.667 [main](      42 msec from start) [DEBUG] order_com.advantage.root.util.ValidationHelper.isValidByRegExpPattern:117
00:00:00 match to pattern ([01]?[0-9]|2[0-3]):[0-5][0-9]:[0-5][0-9]
*     05:59:43.668 [main](      43 msec from start) [DEBUG] order_com.advantage.root.util.ValidationHelper.isValidByRegExpPattern:117
02:34:56 match to pattern ([01]?[0-9]|2[0-3]):[0-5][0-9]:[0-5][0-9]
*     05:59:43.668 [main](      43 msec from start) [DEBUG] order_com.advantage.root.util.ValidationHelper.isValidByRegExpPattern:117
12:34:56 match to pattern ([01]?[0-9]|2[0-3]):[0-5][0-9]:[0-5][0-9]
*     05:59:43.669 [main](      44 msec from start) [DEBUG] order_com.advantage.root.util.ValidationHelper.isValidByRegExpPattern:117
13:14:15 match to pattern ([01]?[0-9]|2[0-3]):[0-5][0-9]:[0-5][0-9]
*     05:59:43.669 [main](      44 msec from start) [DEBUG] order_com.advantage.root.util.ValidationHelper.isValidByRegExpPattern:117
23:59:59 match to pattern ([01]?[0-9]|2[0-3]):[0-5][0-9]:[0-5][0-9]
*     05:59:43.670 [main](      45 msec from start) [WARN ] order_com.advantage.root.util.ValidationHelper.isValidByRegExpPattern:117
23:60:59 not match to pattern ([01]?[0-9]|2[0-3]):[0-5][0-9]:[0-5][0-9]
*     05:59:43.670 [main](      45 msec from start) [WARN ] order_com.advantage.root.util.ValidationHelper.isValidByRegExpPattern:117
23:59:60 not match to pattern ([01]?[0-9]|2[0-3]):[0-5][0-9]:[0-5][0-9]
*     05:59:43.671 [main](      46 msec from start) [WARN ] order_com.advantage.root.util.ValidationHelper.isValidByRegExpPattern:117
24:59:59 not match to pattern ([01]?[0-9]|2[0-3]):[0-5][0-9]:[0-5][0-9]
