*     19:48:27.731 [main](       0 msec from start) [ERROR] common_com.advantage.common.security.TokenJWT.parseToken:84
The token signed by HS512 algorithm, but must be signed with HS256 (HmacSHA256)
com.advantage.common.exceptions.token.SignatureAlgorithmException: The token signed by HS512 algorithm, but must be signed with HS256 (HmacSHA256)
	at com.advantage.common.security.TokenJWT.parseToken(TokenJWT.java:83)
	at com.advantage.common_test.online.store.util.TokenTests.testNegative256ParserToken(TokenTests.java:48)
	at sun.reflect.NativeMethodAccessorImpl.invoke0(Native Method)
	at sun.reflect.NativeMethodAccessorImpl.invoke(NativeMethodAccessorImpl.java:62)
	at sun.reflect.DelegatingMethodAccessorImpl.invoke(DelegatingMethodAccessorImpl.java:43)
	at java.lang.reflect.Method.invoke(Method.java:498)
	at org.junit.runners.model.FrameworkMethod$1.runReflectiveCall(FrameworkMethod.java:50)
	at org.junit.internal.runners.model.ReflectiveCallable.run(ReflectiveCallable.java:12)
	at org.junit.runners.model.FrameworkMethod.invokeExplosively(FrameworkMethod.java:47)
	at org.junit.internal.runners.statements.InvokeMethod.evaluate(InvokeMethod.java:17)
	at org.junit.internal.runners.statements.ExpectException.evaluate(ExpectException.java:19)
	at org.junit.runners.ParentRunner.runLeaf(ParentRunner.java:325)
	at org.junit.runners.BlockJUnit4ClassRunner.runChild(BlockJUnit4ClassRunner.java:78)
	at org.junit.runners.BlockJUnit4ClassRunner.runChild(BlockJUnit4ClassRunner.java:57)
	at org.junit.runners.ParentRunner$3.run(ParentRunner.java:290)
	at org.junit.runners.ParentRunner$1.schedule(ParentRunner.java:71)
	at org.junit.runners.ParentRunner.runChildren(ParentRunner.java:288)
	at org.junit.runners.ParentRunner.access$000(ParentRunner.java:58)
	at org.junit.runners.ParentRunner$2.evaluate(ParentRunner.java:268)
	at org.junit.runners.ParentRunner.run(ParentRunner.java:363)
	at org.apache.maven.surefire.junit4.JUnit4TestSet.execute(JUnit4TestSet.java:53)
	at org.apache.maven.surefire.junit4.JUnit4Provider.executeTestSet(JUnit4Provider.java:123)
	at org.apache.maven.surefire.junit4.JUnit4Provider.invoke(JUnit4Provider.java:104)
	at sun.reflect.NativeMethodAccessorImpl.invoke0(Native Method)
	at sun.reflect.NativeMethodAccessorImpl.invoke(NativeMethodAccessorImpl.java:62)
	at sun.reflect.DelegatingMethodAccessorImpl.invoke(DelegatingMethodAccessorImpl.java:43)
	at java.lang.reflect.Method.invoke(Method.java:498)
	at org.apache.maven.surefire.util.ReflectionUtils.invokeMethodWithArray(ReflectionUtils.java:164)
	at org.apache.maven.surefire.booter.ProviderFactory$ProviderProxy.invoke(ProviderFactory.java:110)
	at org.apache.maven.surefire.booter.SurefireStarter.invokeProvider(SurefireStarter.java:175)
	at org.apache.maven.surefire.booter.SurefireStarter.runSuitesInProcessWhenForked(SurefireStarter.java:107)
	at org.apache.maven.surefire.booter.ForkedBooter.main(ForkedBooter.java:68)
*     19:49:33.978 [main](       0 msec from start) [WARN ] catalog_org.hibernate.mapping.RootClass.checkCompositeIdentifier:288
HHH000038: Composite-id class does not override equals(): com.advantage.catalog.store.model.product.ProductAttributeId
*     19:49:33.983 [main](       5 msec from start) [WARN ] catalog_org.hibernate.mapping.RootClass.checkCompositeIdentifier:289
HHH000039: Composite-id class does not override hashCode(): com.advantage.catalog.store.model.product.ProductAttributeId
*     19:49:34.739 [main](     761 msec from start) [ERROR] catalog_org.hibernate.tool.hbm2ddl.SchemaExport.perform:426
HHH000389: Unsuccessful: alter table ColorAttribute drop constraint FK_4lh8tvtjlay7fe917fyy18t0e
*     19:49:34.741 [main](     763 msec from start) [ERROR] catalog_org.hibernate.tool.hbm2ddl.SchemaExport.perform:427
user lacks privilege or object not found: PUBLIC.COLORATTRIBUTE
*     19:49:34.742 [main](     764 msec from start) [ERROR] catalog_org.hibernate.tool.hbm2ddl.SchemaExport.perform:426
HHH000389: Unsuccessful: alter table DEALS drop constraint FK_4jv7j0353g8hkm4vcyosbkm5a
*     19:49:34.743 [main](     765 msec from start) [ERROR] catalog_org.hibernate.tool.hbm2ddl.SchemaExport.perform:427
user lacks privilege or object not found: PUBLIC.DEALS
*     19:49:34.744 [main](     766 msec from start) [ERROR] catalog_org.hibernate.tool.hbm2ddl.SchemaExport.perform:426
HHH000389: Unsuccessful: alter table ImageAttribute drop constraint FK_q5wu95vfxew1pxed2ygy109ny
*     19:49:34.745 [main](     767 msec from start) [ERROR] catalog_org.hibernate.tool.hbm2ddl.SchemaExport.perform:427
user lacks privilege or object not found: PUBLIC.IMAGEATTRIBUTE
*     19:49:34.746 [main](     768 msec from start) [ERROR] catalog_org.hibernate.tool.hbm2ddl.SchemaExport.perform:426
HHH000389: Unsuccessful: alter table PRODUCT drop constraint FK_6oweamgjibmex1v06bgk59asd
*     19:49:34.747 [main](     769 msec from start) [ERROR] catalog_org.hibernate.tool.hbm2ddl.SchemaExport.perform:427
user lacks privilege or object not found: PUBLIC.PRODUCT
*     19:49:34.748 [main](     770 msec from start) [ERROR] catalog_org.hibernate.tool.hbm2ddl.SchemaExport.perform:426
HHH000389: Unsuccessful: alter table PRODUCT_ATTRIBUTES drop constraint FK_jbumqcl8sam9w1clh3cdm2s38
*     19:49:34.748 [main](     770 msec from start) [ERROR] catalog_org.hibernate.tool.hbm2ddl.SchemaExport.perform:427
user lacks privilege or object not found: PUBLIC.PRODUCT_ATTRIBUTES
*     19:49:34.749 [main](     771 msec from start) [ERROR] catalog_org.hibernate.tool.hbm2ddl.SchemaExport.perform:426
HHH000389: Unsuccessful: alter table PRODUCT_ATTRIBUTES drop constraint FK_6rqlij3051my7v5491rx2q90a
*     19:49:34.750 [main](     772 msec from start) [ERROR] catalog_org.hibernate.tool.hbm2ddl.SchemaExport.perform:427
user lacks privilege or object not found: PUBLIC.PRODUCT_ATTRIBUTES
*     19:49:36.372 [main](    2394 msec from start) [DEBUG] catalog_com.advantage.root.util.ValidationHelper.isValidByRegExpPattern:117
a@b.com match to pattern ^[_A-Za-z0-9-\+]+(\.[_A-Za-z0-9-]+)*@[A-Za-z0-9-]+(\.[A-Za-z0-9]+)*(\.[A-Za-z]{2,})$
*     19:49:36.374 [main](    2396 msec from start) [WARN ] catalog_com.advantage.root.util.ValidationHelper.isValidByRegExpPattern:117
a#d@b.com not match to pattern ^[_A-Za-z0-9-\+]+(\.[_A-Za-z0-9-]+)*@[A-Za-z0-9-]+(\.[A-Za-z0-9]+)*(\.[A-Za-z]{2,})$
*     19:49:36.384 [main](    2406 msec from start) [DEBUG] catalog_com.advantage.root.util.ValidationHelper.isValidByRegExpPattern:117
a@b.com match to pattern ^[_A-Za-z0-9-\+]+(\.[_A-Za-z0-9-]+)*@[A-Za-z0-9-]+(\.[A-Za-z0-9]+)*(\.[A-Za-z]{2,})$
*     19:49:36.385 [main](    2407 msec from start) [WARN ] catalog_com.advantage.root.util.ValidationHelper.isValidByRegExpPattern:117
a#d@b.com not match to pattern ^[_A-Za-z0-9-\+]+(\.[_A-Za-z0-9-]+)*@[A-Za-z0-9-]+(\.[A-Za-z0-9]+)*(\.[A-Za-z]{2,})$
*     19:49:36.387 [main](    2409 msec from start) [DEBUG] catalog_com.advantage.root.util.ValidationHelper.isValidByRegExpPattern:117
a@b.com match to pattern ^[_A-Za-z0-9-\+]+(\.[_A-Za-z0-9-]+)*@[A-Za-z0-9-]+(\.[A-Za-z0-9]+)*(\.[A-Za-z]{2,})$
*     19:49:36.388 [main](    2410 msec from start) [WARN ] catalog_com.advantage.root.util.ValidationHelper.isValidByRegExpPattern:117
a#d@b.com not match to pattern ^[_A-Za-z0-9-\+]+(\.[_A-Za-z0-9-]+)*@[A-Za-z0-9-]+(\.[A-Za-z0-9]+)*(\.[A-Za-z]{2,})$
*     19:49:44.248 [main](       0 msec from start) [DEBUG] order_com.advantage.root.util.ValidationHelper.isValidByRegExpPattern:117
054 123 4567 match to pattern ((\+([1-9]{1}[0-9]{0,3}))?[-.\s]?)\(?([0-9]{1,3})\)?[-.\s]?([0-9]{3})[-.\s]?([0-9]{4})$
*     19:49:44.256 [main](       8 msec from start) [DEBUG] order_com.advantage.root.util.ValidationHelper.isValidByRegExpPattern:117
(054) 1234567 match to pattern ((\+([1-9]{1}[0-9]{0,3}))?[-.\s]?)\(?([0-9]{1,3})\)?[-.\s]?([0-9]{3})[-.\s]?([0-9]{4})$
*     19:49:44.256 [main](       8 msec from start) [DEBUG] order_com.advantage.root.util.ValidationHelper.isValidByRegExpPattern:117
(054) 123 4567 match to pattern ((\+([1-9]{1}[0-9]{0,3}))?[-.\s]?)\(?([0-9]{1,3})\)?[-.\s]?([0-9]{3})[-.\s]?([0-9]{4})$
*     19:49:44.258 [main](      10 msec from start) [DEBUG] order_com.advantage.root.util.ValidationHelper.isValidByRegExpPattern:117
+1 123 456 7890 match to pattern ((\+([1-9]{1}[0-9]{0,3}))?[-.\s]?)\(?([0-9]{1,3})\)?[-.\s]?([0-9]{3})[-.\s]?([0-9]{4})$
*     19:49:44.259 [main](      11 msec from start) [DEBUG] order_com.advantage.root.util.ValidationHelper.isValidByRegExpPattern:117
+972 54 123 4567 match to pattern ((\+([1-9]{1}[0-9]{0,3}))?[-.\s]?)\(?([0-9]{1,3})\)?[-.\s]?([0-9]{3})[-.\s]?([0-9]{4})$
*     19:49:44.259 [main](      11 msec from start) [DEBUG] order_com.advantage.root.util.ValidationHelper.isValidByRegExpPattern:117
+972 54 1234567 match to pattern ((\+([1-9]{1}[0-9]{0,3}))?[-.\s]?)\(?([0-9]{1,3})\)?[-.\s]?([0-9]{3})[-.\s]?([0-9]{4})$
*     19:49:44.260 [main](      12 msec from start) [DEBUG] order_com.advantage.root.util.ValidationHelper.isValidByRegExpPattern:117
+44 123 4567890 match to pattern ((\+([1-9]{1}[0-9]{0,3}))?[-.\s]?)\(?([0-9]{1,3})\)?[-.\s]?([0-9]{3})[-.\s]?([0-9]{4})$
*     19:49:44.261 [main](      13 msec from start) [DEBUG] order_com.advantage.root.util.ValidationHelper.isValidByRegExpPattern:117
+44 1234567890 match to pattern ((\+([1-9]{1}[0-9]{0,3}))?[-.\s]?)\(?([0-9]{1,3})\)?[-.\s]?([0-9]{3})[-.\s]?([0-9]{4})$
*     19:49:44.261 [main](      13 msec from start) [DEBUG] order_com.advantage.root.util.ValidationHelper.isValidByRegExpPattern:117
+441234567890 match to pattern ((\+([1-9]{1}[0-9]{0,3}))?[-.\s]?)\(?([0-9]{1,3})\)?[-.\s]?([0-9]{3})[-.\s]?([0-9]{4})$
*     19:49:44.262 [main](      14 msec from start) [WARN ] order_com.advantage.root.util.ValidationHelper.isValidByRegExpPattern:117
441234567890 not match to pattern ((\+([1-9]{1}[0-9]{0,3}))?[-.\s]?)\(?([0-9]{1,3})\)?[-.\s]?([0-9]{3})[-.\s]?([0-9]{4})$
*     19:49:44.267 [main](      19 msec from start) [DEBUG] order_com.advantage.root.util.ValidationHelper.isValidByRegExpPattern:117
davidK7 match to pattern ((?=.*\d)(?=.*[a-z])(?=.*[A-Z]).{4,12})
*     19:49:44.268 [main](      20 msec from start) [DEBUG] order_com.advantage.root.util.ValidationHelper.isValidByRegExpPattern:117
King7david match to pattern ((?=.*\d)(?=.*[a-z])(?=.*[A-Z]).{4,12})
*     19:49:44.269 [main](      21 msec from start) [WARN ] order_com.advantage.root.util.ValidationHelper.isValidByRegExpPattern:117
Kd5 not match to pattern ((?=.*\d)(?=.*[a-z])(?=.*[A-Z]).{4,12})
*     19:49:44.269 [main](      21 msec from start) [WARN ] order_com.advantage.root.util.ValidationHelper.isValidByRegExpPattern:117
kingdavid not match to pattern ((?=.*\d)(?=.*[a-z])(?=.*[A-Z]).{4,12})
*     19:49:44.270 [main](      22 msec from start) [WARN ] order_com.advantage.root.util.ValidationHelper.isValidByRegExpPattern:117
Kingdavid not match to pattern ((?=.*\d)(?=.*[a-z])(?=.*[A-Z]).{4,12})
*     19:49:44.270 [main](      22 msec from start) [WARN ] order_com.advantage.root.util.ValidationHelper.isValidByRegExpPattern:117
KingSolomon123 not match to pattern ((?=.*\d)(?=.*[a-z])(?=.*[A-Z]).{4,12})
*     19:49:44.273 [main](      25 msec from start) [DEBUG] order_com.advantage.root.util.ValidationHelper.isValidByRegExpPattern:117
a@b.com match to pattern ^[_A-Za-z0-9-\+]+(\.[_A-Za-z0-9-]+)*@[A-Za-z0-9-]+(\.[A-Za-z0-9]+)*(\.[A-Za-z]{2,})$
*     19:49:44.274 [main](      26 msec from start) [DEBUG] order_com.advantage.root.util.ValidationHelper.isValidByRegExpPattern:117
user2015@hpe.com match to pattern ^[_A-Za-z0-9-\+]+(\.[_A-Za-z0-9-]+)*@[A-Za-z0-9-]+(\.[A-Za-z0-9]+)*(\.[A-Za-z]{2,})$
*     19:49:44.274 [main](      26 msec from start) [DEBUG] order_com.advantage.root.util.ValidationHelper.isValidByRegExpPattern:117
pmoi@gov.il match to pattern ^[_A-Za-z0-9-\+]+(\.[_A-Za-z0-9-]+)*@[A-Za-z0-9-]+(\.[A-Za-z0-9]+)*(\.[A-Za-z]{2,})$
*     19:49:44.275 [main](      27 msec from start) [DEBUG] order_com.advantage.root.util.ValidationHelper.isValidByRegExpPattern:117
user_2015@java.org.il match to pattern ^[_A-Za-z0-9-\+]+(\.[_A-Za-z0-9-]+)*@[A-Za-z0-9-]+(\.[A-Za-z0-9]+)*(\.[A-Za-z]{2,})$
*     19:49:44.276 [main](      28 msec from start) [WARN ] order_com.advantage.root.util.ValidationHelper.isValidByRegExpPattern:117
pmoi#@gov.il not match to pattern ^[_A-Za-z0-9-\+]+(\.[_A-Za-z0-9-]+)*@[A-Za-z0-9-]+(\.[A-Za-z0-9]+)*(\.[A-Za-z]{2,})$
*     19:49:44.276 [main](      28 msec from start) [WARN ] order_com.advantage.root.util.ValidationHelper.isValidByRegExpPattern:117
pmoi#gov.il not match to pattern ^[_A-Za-z0-9-\+]+(\.[_A-Za-z0-9-]+)*@[A-Za-z0-9-]+(\.[A-Za-z0-9]+)*(\.[A-Za-z]{2,})$
*     19:49:44.277 [main](      29 msec from start) [WARN ] order_com.advantage.root.util.ValidationHelper.isValidByRegExpPattern:117
pmoi@.com not match to pattern ^[_A-Za-z0-9-\+]+(\.[_A-Za-z0-9-]+)*@[A-Za-z0-9-]+(\.[A-Za-z0-9]+)*(\.[A-Za-z]{2,})$
*     19:49:44.279 [main](      31 msec from start) [DEBUG] order_com.advantage.root.util.ValidationHelper.isValidByRegExpPattern:117
user2015 match to pattern ^[A-Za-z0-9_.-]{3,15}$
*     19:49:44.279 [main](      31 msec from start) [DEBUG] order_com.advantage.root.util.ValidationHelper.isValidByRegExpPattern:117
kingdavid match to pattern ^[A-Za-z0-9_.-]{3,15}$
*     19:49:44.280 [main](      32 msec from start) [DEBUG] order_com.advantage.root.util.ValidationHelper.isValidByRegExpPattern:117
king.david match to pattern ^[A-Za-z0-9_.-]{3,15}$
*     19:49:44.280 [main](      32 msec from start) [DEBUG] order_com.advantage.root.util.ValidationHelper.isValidByRegExpPattern:117
king.solomon match to pattern ^[A-Za-z0-9_.-]{3,15}$
*     19:49:44.281 [main](      33 msec from start) [WARN ] order_com.advantage.root.util.ValidationHelper.isValidByRegExpPattern:117
kd not match to pattern ^[A-Za-z0-9_.-]{3,15}$
*     19:49:44.281 [main](      33 msec from start) [WARN ] order_com.advantage.root.util.ValidationHelper.isValidByRegExpPattern:117
inspector.gadget not match to pattern ^[A-Za-z0-9_.-]{3,15}$
*     19:49:44.282 [main](      34 msec from start) [DEBUG] order_com.advantage.root.util.ValidationHelper.isValidDate:128
date to check: '29.02.2012'
*     19:49:44.283 [main](      35 msec from start) [DEBUG] order_com.advantage.root.util.ValidationHelper.isValidDate:149
29.02.2012 : true
*     19:49:44.284 [main](      36 msec from start) [DEBUG] order_com.advantage.root.util.ValidationHelper.isValidDate:128
date to check: '29.02.2013'
*     19:49:44.284 [main](      36 msec from start) [ERROR] order_com.advantage.root.util.ValidationHelper.isValidDate:145
29.02.2013 : false
*     19:49:44.286 [main](      38 msec from start) [DEBUG] order_com.advantage.root.util.ValidationHelper.isValidDate:128
date to check: '02/29/2012'
*     19:49:44.287 [main](      39 msec from start) [DEBUG] order_com.advantage.root.util.ValidationHelper.isValidDate:149
02/29/2012 : true
*     19:49:44.288 [main](      40 msec from start) [DEBUG] order_com.advantage.root.util.ValidationHelper.isValidDate:128
date to check: '02/29/2013'
*     19:49:44.288 [main](      40 msec from start) [ERROR] order_com.advantage.root.util.ValidationHelper.isValidDate:145
02/29/2013 : false
*     19:49:44.289 [main](      41 msec from start) [DEBUG] order_com.advantage.root.util.ValidationHelper.isValidDate:128
date to check: '2012-02-29'
*     19:49:44.290 [main](      42 msec from start) [DEBUG] order_com.advantage.root.util.ValidationHelper.isValidDate:149
2012-02-29 : true
*     19:49:44.290 [main](      42 msec from start) [DEBUG] order_com.advantage.root.util.ValidationHelper.isValidDate:128
date to check: '2013-02-29'
*     19:49:44.291 [main](      43 msec from start) [ERROR] order_com.advantage.root.util.ValidationHelper.isValidDate:145
2013-02-29 : false
*     19:49:44.293 [main](      45 msec from start) [DEBUG] order_com.advantage.root.util.ValidationHelper.isValidByRegExpPattern:117
00:00:00 match to pattern ([01]?[0-9]|2[0-3]):[0-5][0-9]:[0-5][0-9]
*     19:49:44.294 [main](      46 msec from start) [DEBUG] order_com.advantage.root.util.ValidationHelper.isValidByRegExpPattern:117
02:34:56 match to pattern ([01]?[0-9]|2[0-3]):[0-5][0-9]:[0-5][0-9]
*     19:49:44.294 [main](      46 msec from start) [DEBUG] order_com.advantage.root.util.ValidationHelper.isValidByRegExpPattern:117
12:34:56 match to pattern ([01]?[0-9]|2[0-3]):[0-5][0-9]:[0-5][0-9]
*     19:49:44.295 [main](      47 msec from start) [DEBUG] order_com.advantage.root.util.ValidationHelper.isValidByRegExpPattern:117
13:14:15 match to pattern ([01]?[0-9]|2[0-3]):[0-5][0-9]:[0-5][0-9]
*     19:49:44.295 [main](      47 msec from start) [DEBUG] order_com.advantage.root.util.ValidationHelper.isValidByRegExpPattern:117
23:59:59 match to pattern ([01]?[0-9]|2[0-3]):[0-5][0-9]:[0-5][0-9]
*     19:49:44.296 [main](      48 msec from start) [WARN ] order_com.advantage.root.util.ValidationHelper.isValidByRegExpPattern:117
23:60:59 not match to pattern ([01]?[0-9]|2[0-3]):[0-5][0-9]:[0-5][0-9]
*     19:49:44.296 [main](      48 msec from start) [WARN ] order_com.advantage.root.util.ValidationHelper.isValidByRegExpPattern:117
23:59:60 not match to pattern ([01]?[0-9]|2[0-3]):[0-5][0-9]:[0-5][0-9]
*     19:49:44.297 [main](      49 msec from start) [WARN ] order_com.advantage.root.util.ValidationHelper.isValidByRegExpPattern:117
24:59:59 not match to pattern ([01]?[0-9]|2[0-3]):[0-5][0-9]:[0-5][0-9]
