*     19:49:44.248 [main](       0 msec from start) [DEBUG] com.advantage.root.util.ValidationHelper.isValidByRegExpPattern:117
054 123 4567 match to pattern ((\+([1-9]{1}[0-9]{0,3}))?[-.\s]?)\(?([0-9]{1,3})\)?[-.\s]?([0-9]{3})[-.\s]?([0-9]{4})$
*     19:49:44.256 [main](       8 msec from start) [DEBUG] com.advantage.root.util.ValidationHelper.isValidByRegExpPattern:117
(054) 1234567 match to pattern ((\+([1-9]{1}[0-9]{0,3}))?[-.\s]?)\(?([0-9]{1,3})\)?[-.\s]?([0-9]{3})[-.\s]?([0-9]{4})$
*     19:49:44.256 [main](       8 msec from start) [DEBUG] com.advantage.root.util.ValidationHelper.isValidByRegExpPattern:117
(054) 123 4567 match to pattern ((\+([1-9]{1}[0-9]{0,3}))?[-.\s]?)\(?([0-9]{1,3})\)?[-.\s]?([0-9]{3})[-.\s]?([0-9]{4})$
*     19:49:44.258 [main](      10 msec from start) [DEBUG] com.advantage.root.util.ValidationHelper.isValidByRegExpPattern:117
+1 123 456 7890 match to pattern ((\+([1-9]{1}[0-9]{0,3}))?[-.\s]?)\(?([0-9]{1,3})\)?[-.\s]?([0-9]{3})[-.\s]?([0-9]{4})$
*     19:49:44.259 [main](      11 msec from start) [DEBUG] com.advantage.root.util.ValidationHelper.isValidByRegExpPattern:117
+972 54 123 4567 match to pattern ((\+([1-9]{1}[0-9]{0,3}))?[-.\s]?)\(?([0-9]{1,3})\)?[-.\s]?([0-9]{3})[-.\s]?([0-9]{4})$
*     19:49:44.259 [main](      11 msec from start) [DEBUG] com.advantage.root.util.ValidationHelper.isValidByRegExpPattern:117
+972 54 1234567 match to pattern ((\+([1-9]{1}[0-9]{0,3}))?[-.\s]?)\(?([0-9]{1,3})\)?[-.\s]?([0-9]{3})[-.\s]?([0-9]{4})$
*     19:49:44.260 [main](      12 msec from start) [DEBUG] com.advantage.root.util.ValidationHelper.isValidByRegExpPattern:117
+44 123 4567890 match to pattern ((\+([1-9]{1}[0-9]{0,3}))?[-.\s]?)\(?([0-9]{1,3})\)?[-.\s]?([0-9]{3})[-.\s]?([0-9]{4})$
*     19:49:44.261 [main](      13 msec from start) [DEBUG] com.advantage.root.util.ValidationHelper.isValidByRegExpPattern:117
+44 1234567890 match to pattern ((\+([1-9]{1}[0-9]{0,3}))?[-.\s]?)\(?([0-9]{1,3})\)?[-.\s]?([0-9]{3})[-.\s]?([0-9]{4})$
*     19:49:44.261 [main](      13 msec from start) [DEBUG] com.advantage.root.util.ValidationHelper.isValidByRegExpPattern:117
+441234567890 match to pattern ((\+([1-9]{1}[0-9]{0,3}))?[-.\s]?)\(?([0-9]{1,3})\)?[-.\s]?([0-9]{3})[-.\s]?([0-9]{4})$
*     19:49:44.262 [main](      14 msec from start) [WARN ] com.advantage.root.util.ValidationHelper.isValidByRegExpPattern:117
441234567890 not match to pattern ((\+([1-9]{1}[0-9]{0,3}))?[-.\s]?)\(?([0-9]{1,3})\)?[-.\s]?([0-9]{3})[-.\s]?([0-9]{4})$
*     19:49:44.267 [main](      19 msec from start) [DEBUG] com.advantage.root.util.ValidationHelper.isValidByRegExpPattern:117
davidK7 match to pattern ((?=.*\d)(?=.*[a-z])(?=.*[A-Z]).{4,12})
*     19:49:44.268 [main](      20 msec from start) [DEBUG] com.advantage.root.util.ValidationHelper.isValidByRegExpPattern:117
King7david match to pattern ((?=.*\d)(?=.*[a-z])(?=.*[A-Z]).{4,12})
*     19:49:44.269 [main](      21 msec from start) [WARN ] com.advantage.root.util.ValidationHelper.isValidByRegExpPattern:117
Kd5 not match to pattern ((?=.*\d)(?=.*[a-z])(?=.*[A-Z]).{4,12})
*     19:49:44.269 [main](      21 msec from start) [WARN ] com.advantage.root.util.ValidationHelper.isValidByRegExpPattern:117
kingdavid not match to pattern ((?=.*\d)(?=.*[a-z])(?=.*[A-Z]).{4,12})
*     19:49:44.270 [main](      22 msec from start) [WARN ] com.advantage.root.util.ValidationHelper.isValidByRegExpPattern:117
Kingdavid not match to pattern ((?=.*\d)(?=.*[a-z])(?=.*[A-Z]).{4,12})
*     19:49:44.270 [main](      22 msec from start) [WARN ] com.advantage.root.util.ValidationHelper.isValidByRegExpPattern:117
KingSolomon123 not match to pattern ((?=.*\d)(?=.*[a-z])(?=.*[A-Z]).{4,12})
*     19:49:44.273 [main](      25 msec from start) [DEBUG] com.advantage.root.util.ValidationHelper.isValidByRegExpPattern:117
a@b.com match to pattern ^[_A-Za-z0-9-\+]+(\.[_A-Za-z0-9-]+)*@[A-Za-z0-9-]+(\.[A-Za-z0-9]+)*(\.[A-Za-z]{2,})$
*     19:49:44.274 [main](      26 msec from start) [DEBUG] com.advantage.root.util.ValidationHelper.isValidByRegExpPattern:117
user2015@hpe.com match to pattern ^[_A-Za-z0-9-\+]+(\.[_A-Za-z0-9-]+)*@[A-Za-z0-9-]+(\.[A-Za-z0-9]+)*(\.[A-Za-z]{2,})$
*     19:49:44.274 [main](      26 msec from start) [DEBUG] com.advantage.root.util.ValidationHelper.isValidByRegExpPattern:117
pmoi@gov.il match to pattern ^[_A-Za-z0-9-\+]+(\.[_A-Za-z0-9-]+)*@[A-Za-z0-9-]+(\.[A-Za-z0-9]+)*(\.[A-Za-z]{2,})$
*     19:49:44.275 [main](      27 msec from start) [DEBUG] com.advantage.root.util.ValidationHelper.isValidByRegExpPattern:117
user_2015@java.org.il match to pattern ^[_A-Za-z0-9-\+]+(\.[_A-Za-z0-9-]+)*@[A-Za-z0-9-]+(\.[A-Za-z0-9]+)*(\.[A-Za-z]{2,})$
*     19:49:44.276 [main](      28 msec from start) [WARN ] com.advantage.root.util.ValidationHelper.isValidByRegExpPattern:117
pmoi#@gov.il not match to pattern ^[_A-Za-z0-9-\+]+(\.[_A-Za-z0-9-]+)*@[A-Za-z0-9-]+(\.[A-Za-z0-9]+)*(\.[A-Za-z]{2,})$
*     19:49:44.276 [main](      28 msec from start) [WARN ] com.advantage.root.util.ValidationHelper.isValidByRegExpPattern:117
pmoi#gov.il not match to pattern ^[_A-Za-z0-9-\+]+(\.[_A-Za-z0-9-]+)*@[A-Za-z0-9-]+(\.[A-Za-z0-9]+)*(\.[A-Za-z]{2,})$
*     19:49:44.277 [main](      29 msec from start) [WARN ] com.advantage.root.util.ValidationHelper.isValidByRegExpPattern:117
pmoi@.com not match to pattern ^[_A-Za-z0-9-\+]+(\.[_A-Za-z0-9-]+)*@[A-Za-z0-9-]+(\.[A-Za-z0-9]+)*(\.[A-Za-z]{2,})$
*     19:49:44.279 [main](      31 msec from start) [DEBUG] com.advantage.root.util.ValidationHelper.isValidByRegExpPattern:117
user2015 match to pattern ^[A-Za-z0-9_.-]{3,15}$
*     19:49:44.279 [main](      31 msec from start) [DEBUG] com.advantage.root.util.ValidationHelper.isValidByRegExpPattern:117
kingdavid match to pattern ^[A-Za-z0-9_.-]{3,15}$
*     19:49:44.280 [main](      32 msec from start) [DEBUG] com.advantage.root.util.ValidationHelper.isValidByRegExpPattern:117
king.david match to pattern ^[A-Za-z0-9_.-]{3,15}$
*     19:49:44.280 [main](      32 msec from start) [DEBUG] com.advantage.root.util.ValidationHelper.isValidByRegExpPattern:117
king.solomon match to pattern ^[A-Za-z0-9_.-]{3,15}$
*     19:49:44.281 [main](      33 msec from start) [WARN ] com.advantage.root.util.ValidationHelper.isValidByRegExpPattern:117
kd not match to pattern ^[A-Za-z0-9_.-]{3,15}$
*     19:49:44.281 [main](      33 msec from start) [WARN ] com.advantage.root.util.ValidationHelper.isValidByRegExpPattern:117
inspector.gadget not match to pattern ^[A-Za-z0-9_.-]{3,15}$
*     19:49:44.282 [main](      34 msec from start) [DEBUG] com.advantage.root.util.ValidationHelper.isValidDate:128
date to check: '29.02.2012'
*     19:49:44.283 [main](      35 msec from start) [DEBUG] com.advantage.root.util.ValidationHelper.isValidDate:149
29.02.2012 : true
*     19:49:44.284 [main](      36 msec from start) [DEBUG] com.advantage.root.util.ValidationHelper.isValidDate:128
date to check: '29.02.2013'
*     19:49:44.284 [main](      36 msec from start) [ERROR] com.advantage.root.util.ValidationHelper.isValidDate:145
29.02.2013 : false
*     19:49:44.286 [main](      38 msec from start) [DEBUG] com.advantage.root.util.ValidationHelper.isValidDate:128
date to check: '02/29/2012'
*     19:49:44.287 [main](      39 msec from start) [DEBUG] com.advantage.root.util.ValidationHelper.isValidDate:149
02/29/2012 : true
*     19:49:44.288 [main](      40 msec from start) [DEBUG] com.advantage.root.util.ValidationHelper.isValidDate:128
date to check: '02/29/2013'
*     19:49:44.288 [main](      40 msec from start) [ERROR] com.advantage.root.util.ValidationHelper.isValidDate:145
02/29/2013 : false
*     19:49:44.289 [main](      41 msec from start) [DEBUG] com.advantage.root.util.ValidationHelper.isValidDate:128
date to check: '2012-02-29'
*     19:49:44.290 [main](      42 msec from start) [DEBUG] com.advantage.root.util.ValidationHelper.isValidDate:149
2012-02-29 : true
*     19:49:44.290 [main](      42 msec from start) [DEBUG] com.advantage.root.util.ValidationHelper.isValidDate:128
date to check: '2013-02-29'
*     19:49:44.291 [main](      43 msec from start) [ERROR] com.advantage.root.util.ValidationHelper.isValidDate:145
2013-02-29 : false
*     19:49:44.293 [main](      45 msec from start) [DEBUG] com.advantage.root.util.ValidationHelper.isValidByRegExpPattern:117
00:00:00 match to pattern ([01]?[0-9]|2[0-3]):[0-5][0-9]:[0-5][0-9]
*     19:49:44.294 [main](      46 msec from start) [DEBUG] com.advantage.root.util.ValidationHelper.isValidByRegExpPattern:117
02:34:56 match to pattern ([01]?[0-9]|2[0-3]):[0-5][0-9]:[0-5][0-9]
*     19:49:44.294 [main](      46 msec from start) [DEBUG] com.advantage.root.util.ValidationHelper.isValidByRegExpPattern:117
12:34:56 match to pattern ([01]?[0-9]|2[0-3]):[0-5][0-9]:[0-5][0-9]
*     19:49:44.295 [main](      47 msec from start) [DEBUG] com.advantage.root.util.ValidationHelper.isValidByRegExpPattern:117
13:14:15 match to pattern ([01]?[0-9]|2[0-3]):[0-5][0-9]:[0-5][0-9]
*     19:49:44.295 [main](      47 msec from start) [DEBUG] com.advantage.root.util.ValidationHelper.isValidByRegExpPattern:117
23:59:59 match to pattern ([01]?[0-9]|2[0-3]):[0-5][0-9]:[0-5][0-9]
*     19:49:44.296 [main](      48 msec from start) [WARN ] com.advantage.root.util.ValidationHelper.isValidByRegExpPattern:117
23:60:59 not match to pattern ([01]?[0-9]|2[0-3]):[0-5][0-9]:[0-5][0-9]
*     19:49:44.296 [main](      48 msec from start) [WARN ] com.advantage.root.util.ValidationHelper.isValidByRegExpPattern:117
23:59:60 not match to pattern ([01]?[0-9]|2[0-3]):[0-5][0-9]:[0-5][0-9]
*     19:49:44.297 [main](      49 msec from start) [WARN ] com.advantage.root.util.ValidationHelper.isValidByRegExpPattern:117
24:59:59 not match to pattern ([01]?[0-9]|2[0-3]):[0-5][0-9]:[0-5][0-9]
